{"C:\\Users\\destr\\Desktop\\AAD-dev\\Hybrid-Development\\03\\assignment-2\\fly-with-confidence\\src\\components\\ArticleOverviewItem.tsx": {"path":"C:\\Users\\destr\\Desktop\\AAD-dev\\Hybrid-Development\\03\\assignment-2\\fly-with-confidence\\src\\components\\ArticleOverviewItem.tsx","statementMap":{"0":{"start":{"line":22,"column":64},"end":{"line":52,"column":1}},"1":{"start":{"line":23,"column":36},"end":{"line":23,"column":51}},"2":{"start":{"line":25,"column":24},"end":{"line":27,"column":3}},"3":{"start":{"line":26,"column":4},"end":{"line":26,"column":23}},"4":{"start":{"line":29,"column":25},"end":{"line":31,"column":3}},"5":{"start":{"line":30,"column":4},"end":{"line":30,"column":24}},"6":{"start":{"line":33,"column":2},"end":{"line":51,"column":4}},"7":{"start":{"line":54,"column":15},"end":{"line":85,"column":2}}},"fnMap":{"0":{"name":"(anonymous_0)","decl":{"start":{"line":22,"column":64},"end":{"line":22,"column":65}},"loc":{"start":{"line":22,"column":95},"end":{"line":52,"column":1}},"line":22},"1":{"name":"(anonymous_1)","decl":{"start":{"line":25,"column":24},"end":{"line":25,"column":25}},"loc":{"start":{"line":25,"column":30},"end":{"line":27,"column":3}},"line":25},"2":{"name":"(anonymous_2)","decl":{"start":{"line":29,"column":25},"end":{"line":29,"column":26}},"loc":{"start":{"line":29,"column":31},"end":{"line":31,"column":3}},"line":29}},"branchMap":{"0":{"loc":{"start":{"line":38,"column":69},"end":{"line":38,"column":115}},"type":"binary-expr","locations":[{"start":{"line":38,"column":69},"end":{"line":38,"column":78}},{"start":{"line":38,"column":82},"end":{"line":38,"column":115}}],"line":38},"1":{"loc":{"start":{"line":43,"column":53},"end":{"line":43,"column":98}},"type":"binary-expr","locations":[{"start":{"line":43,"column":53},"end":{"line":43,"column":62}},{"start":{"line":43,"column":66},"end":{"line":43,"column":98}}],"line":43}},"s":{"0":8,"1":4,"2":4,"3":0,"4":4,"5":0,"6":4,"7":8},"f":{"0":4,"1":0,"2":0},"b":{"0":[4,0],"1":[4,0]},"_coverageSchema":"1a1c01bbd47fc00a2c39e90264f33305004495a9","hash":"06388f003d3095785697a17b756e66513d9e3f7a"}
,"C:\\Users\\destr\\Desktop\\AAD-dev\\Hybrid-Development\\03\\assignment-2\\fly-with-confidence\\src\\components\\ForumOverviewItem.tsx": {"path":"C:\\Users\\destr\\Desktop\\AAD-dev\\Hybrid-Development\\03\\assignment-2\\fly-with-confidence\\src\\components\\ForumOverviewItem.tsx","statementMap":{"0":{"start":{"line":33,"column":60},"end":{"line":112,"column":1}},"1":{"start":{"line":43,"column":36},"end":{"line":43,"column":51}},"2":{"start":{"line":45,"column":24},"end":{"line":47,"column":3}},"3":{"start":{"line":46,"column":4},"end":{"line":46,"column":23}},"4":{"start":{"line":49,"column":25},"end":{"line":51,"column":3}},"5":{"start":{"line":50,"column":4},"end":{"line":50,"column":24}},"6":{"start":{"line":53,"column":2},"end":{"line":111,"column":4}},"7":{"start":{"line":66,"column":12},"end":{"line":72,"column":14}},"8":{"start":{"line":114,"column":15},"end":{"line":187,"column":2}}},"fnMap":{"0":{"name":"(anonymous_0)","decl":{"start":{"line":33,"column":60},"end":{"line":33,"column":61}},"loc":{"start":{"line":42,"column":6},"end":{"line":112,"column":1}},"line":42},"1":{"name":"(anonymous_1)","decl":{"start":{"line":45,"column":24},"end":{"line":45,"column":25}},"loc":{"start":{"line":45,"column":30},"end":{"line":47,"column":3}},"line":45},"2":{"name":"(anonymous_2)","decl":{"start":{"line":49,"column":25},"end":{"line":49,"column":26}},"loc":{"start":{"line":49,"column":31},"end":{"line":51,"column":3}},"line":49},"3":{"name":"(anonymous_3)","decl":{"start":{"line":65,"column":26},"end":{"line":65,"column":27}},"loc":{"start":{"line":66,"column":12},"end":{"line":72,"column":14}},"line":66}},"branchMap":{"0":{"loc":{"start":{"line":58,"column":67},"end":{"line":58,"column":111}},"type":"binary-expr","locations":[{"start":{"line":58,"column":67},"end":{"line":58,"column":76}},{"start":{"line":58,"column":80},"end":{"line":58,"column":111}}],"line":58},"1":{"loc":{"start":{"line":62,"column":53},"end":{"line":62,"column":98}},"type":"binary-expr","locations":[{"start":{"line":62,"column":53},"end":{"line":62,"column":62}},{"start":{"line":62,"column":66},"end":{"line":62,"column":98}}],"line":62},"2":{"loc":{"start":{"line":78,"column":8},"end":{"line":82,"column":16}},"type":"cond-expr","locations":[{"start":{"line":79,"column":10},"end":{"line":79,"column":119}},{"start":{"line":80,"column":12},"end":{"line":82,"column":16}}],"line":78},"3":{"loc":{"start":{"line":78,"column":8},"end":{"line":78,"column":48}},"type":"binary-expr","locations":[{"start":{"line":78,"column":8},"end":{"line":78,"column":20}},{"start":{"line":78,"column":24},"end":{"line":78,"column":48}}],"line":78},"4":{"loc":{"start":{"line":80,"column":12},"end":{"line":82,"column":16}},"type":"cond-expr","locations":[{"start":{"line":81,"column":10},"end":{"line":81,"column":112}},{"start":{"line":82,"column":12},"end":{"line":82,"column":16}}],"line":80},"5":{"loc":{"start":{"line":80,"column":12},"end":{"line":80,"column":56}},"type":"binary-expr","locations":[{"start":{"line":80,"column":12},"end":{"line":80,"column":24}},{"start":{"line":80,"column":28},"end":{"line":80,"column":56}}],"line":80}},"s":{"0":8,"1":3,"2":3,"3":0,"4":3,"5":0,"6":3,"7":4,"8":8},"f":{"0":3,"1":0,"2":0,"3":4},"b":{"0":[3,0],"1":[3,0],"2":[0,3],"3":[3,3],"4":[3,0],"5":[3,3]},"_coverageSchema":"1a1c01bbd47fc00a2c39e90264f33305004495a9","hash":"f21f47ec8ef9c5190c7c1b77f8fa612e49d2700a"}
,"C:\\Users\\destr\\Desktop\\AAD-dev\\Hybrid-Development\\03\\assignment-2\\fly-with-confidence\\src\\components\\SelectionItem.tsx": {"path":"C:\\Users\\destr\\Desktop\\AAD-dev\\Hybrid-Development\\03\\assignment-2\\fly-with-confidence\\src\\components\\SelectionItem.tsx","statementMap":{"0":{"start":{"line":26,"column":50},"end":{"line":33,"column":1}},"1":{"start":{"line":35,"column":52},"end":{"line":66,"column":1}},"2":{"start":{"line":36,"column":36},"end":{"line":36,"column":51}},"3":{"start":{"line":38,"column":24},"end":{"line":40,"column":3}},"4":{"start":{"line":39,"column":4},"end":{"line":39,"column":23}},"5":{"start":{"line":42,"column":25},"end":{"line":44,"column":3}},"6":{"start":{"line":43,"column":4},"end":{"line":43,"column":24}},"7":{"start":{"line":46,"column":2},"end":{"line":65,"column":4}},"8":{"start":{"line":68,"column":15},"end":{"line":92,"column":2}}},"fnMap":{"0":{"name":"(anonymous_0)","decl":{"start":{"line":35,"column":52},"end":{"line":35,"column":53}},"loc":{"start":{"line":35,"column":82},"end":{"line":66,"column":1}},"line":35},"1":{"name":"(anonymous_1)","decl":{"start":{"line":38,"column":24},"end":{"line":38,"column":25}},"loc":{"start":{"line":38,"column":30},"end":{"line":40,"column":3}},"line":38},"2":{"name":"(anonymous_2)","decl":{"start":{"line":42,"column":25},"end":{"line":42,"column":26}},"loc":{"start":{"line":42,"column":31},"end":{"line":44,"column":3}},"line":42}},"branchMap":{"0":{"loc":{"start":{"line":51,"column":36},"end":{"line":51,"column":76}},"type":"binary-expr","locations":[{"start":{"line":51,"column":36},"end":{"line":51,"column":45}},{"start":{"line":51,"column":49},"end":{"line":51,"column":76}}],"line":51},"1":{"loc":{"start":{"line":54,"column":47},"end":{"line":54,"column":92}},"type":"binary-expr","locations":[{"start":{"line":54,"column":47},"end":{"line":54,"column":56}},{"start":{"line":54,"column":60},"end":{"line":54,"column":92}}],"line":54},"2":{"loc":{"start":{"line":55,"column":9},"end":{"line":59,"column":9}},"type":"binary-expr","locations":[{"start":{"line":55,"column":9},"end":{"line":55,"column":13}},{"start":{"line":56,"column":10},"end":{"line":58,"column":17}}],"line":55},"3":{"loc":{"start":{"line":63,"column":52},"end":{"line":63,"column":108}},"type":"binary-expr","locations":[{"start":{"line":63,"column":52},"end":{"line":63,"column":61}},{"start":{"line":63,"column":65},"end":{"line":63,"column":84}},{"start":{"line":63,"column":88},"end":{"line":63,"column":108}}],"line":63}},"s":{"0":8,"1":8,"2":27,"3":27,"4":0,"5":27,"6":0,"7":27,"8":8},"f":{"0":27,"1":0,"2":0},"b":{"0":[27,0],"1":[27,0],"2":[27,7],"3":[27,0,27]},"_coverageSchema":"1a1c01bbd47fc00a2c39e90264f33305004495a9","hash":"7f2ab6e3e3a47636a56c9e95e561e9ce22e8399b"}
,"C:\\Users\\destr\\Desktop\\AAD-dev\\Hybrid-Development\\03\\assignment-2\\fly-with-confidence\\src\\components\\buttons\\Button.tsx": {"path":"C:\\Users\\destr\\Desktop\\AAD-dev\\Hybrid-Development\\03\\assignment-2\\fly-with-confidence\\src\\components\\buttons\\Button.tsx","statementMap":{"0":{"start":{"line":14,"column":38},"end":{"line":26,"column":1}},"1":{"start":{"line":15,"column":27},"end":{"line":15,"column":84}},"2":{"start":{"line":16,"column":25},"end":{"line":16,"column":72}},"3":{"start":{"line":18,"column":2},"end":{"line":25,"column":4}}},"fnMap":{"0":{"name":"(anonymous_0)","decl":{"start":{"line":14,"column":38},"end":{"line":14,"column":39}},"loc":{"start":{"line":14,"column":99},"end":{"line":26,"column":1}},"line":14}},"branchMap":{"0":{"loc":{"start":{"line":15,"column":27},"end":{"line":15,"column":84}},"type":"cond-expr","locations":[{"start":{"line":15,"column":41},"end":{"line":15,"column":77}},{"start":{"line":15,"column":80},"end":{"line":15,"column":84}}],"line":15},"1":{"loc":{"start":{"line":16,"column":25},"end":{"line":16,"column":72}},"type":"cond-expr","locations":[{"start":{"line":16,"column":37},"end":{"line":16,"column":65}},{"start":{"line":16,"column":68},"end":{"line":16,"column":72}}],"line":16}},"s":{"0":12,"1":43,"2":43,"3":43},"f":{"0":43},"b":{"0":[8,35],"1":[1,42]},"_coverageSchema":"1a1c01bbd47fc00a2c39e90264f33305004495a9","hash":"a47bb483e15386bf83761950c78a071489a8f357"}
,"C:\\Users\\destr\\Desktop\\AAD-dev\\Hybrid-Development\\03\\assignment-2\\fly-with-confidence\\src\\components\\buttons\\TextButton.tsx": {"path":"C:\\Users\\destr\\Desktop\\AAD-dev\\Hybrid-Development\\03\\assignment-2\\fly-with-confidence\\src\\components\\buttons\\TextButton.tsx","statementMap":{"0":{"start":{"line":18,"column":48},"end":{"line":27,"column":1}},"1":{"start":{"line":19,"column":2},"end":{"line":26,"column":4}},"2":{"start":{"line":31,"column":15},"end":{"line":45,"column":2}}},"fnMap":{"0":{"name":"(anonymous_0)","decl":{"start":{"line":18,"column":48},"end":{"line":18,"column":49}},"loc":{"start":{"line":18,"column":85},"end":{"line":27,"column":1}},"line":18}},"branchMap":{},"s":{"0":12,"1":18,"2":12},"f":{"0":18},"b":{},"_coverageSchema":"1a1c01bbd47fc00a2c39e90264f33305004495a9","hash":"9ea78083d73552e1b9f9470604a59efb69cc5265"}
,"C:\\Users\\destr\\Desktop\\AAD-dev\\Hybrid-Development\\03\\assignment-2\\fly-with-confidence\\src\\components\\error\\InputError.tsx": {"path":"C:\\Users\\destr\\Desktop\\AAD-dev\\Hybrid-Development\\03\\assignment-2\\fly-with-confidence\\src\\components\\error\\InputError.tsx","statementMap":{"0":{"start":{"line":12,"column":48},"end":{"line":18,"column":1}},"1":{"start":{"line":13,"column":21},"end":{"line":13,"column":45}},"2":{"start":{"line":15,"column":2},"end":{"line":17,"column":4}}},"fnMap":{"0":{"name":"(anonymous_0)","decl":{"start":{"line":12,"column":48},"end":{"line":12,"column":49}},"loc":{"start":{"line":12,"column":91},"end":{"line":18,"column":1}},"line":12}},"branchMap":{"0":{"loc":{"start":{"line":12,"column":60},"end":{"line":12,"column":70}},"type":"default-arg","locations":[{"start":{"line":12,"column":68},"end":{"line":12,"column":70}}],"line":12}},"s":{"0":12,"1":12,"2":12},"f":{"0":12},"b":{"0":[1]},"_coverageSchema":"1a1c01bbd47fc00a2c39e90264f33305004495a9","hash":"54992a5b42c8f9007bbb43220ee61dcdea4e1615"}
,"C:\\Users\\destr\\Desktop\\AAD-dev\\Hybrid-Development\\03\\assignment-2\\fly-with-confidence\\src\\components\\labels\\CategoryLabel.tsx": {"path":"C:\\Users\\destr\\Desktop\\AAD-dev\\Hybrid-Development\\03\\assignment-2\\fly-with-confidence\\src\\components\\labels\\CategoryLabel.tsx","statementMap":{"0":{"start":{"line":18,"column":44},"end":{"line":29,"column":1}},"1":{"start":{"line":19,"column":26},"end":{"line":19,"column":81}},"2":{"start":{"line":20,"column":25},"end":{"line":20,"column":72}},"3":{"start":{"line":22,"column":2},"end":{"line":28,"column":4}},"4":{"start":{"line":31,"column":15},"end":{"line":44,"column":2}}},"fnMap":{"0":{"name":"(anonymous_0)","decl":{"start":{"line":18,"column":44},"end":{"line":18,"column":45}},"loc":{"start":{"line":18,"column":95},"end":{"line":29,"column":1}},"line":18}},"branchMap":{"0":{"loc":{"start":{"line":19,"column":26},"end":{"line":19,"column":81}},"type":"cond-expr","locations":[{"start":{"line":19,"column":39},"end":{"line":19,"column":74}},{"start":{"line":19,"column":77},"end":{"line":19,"column":81}}],"line":19},"1":{"loc":{"start":{"line":20,"column":25},"end":{"line":20,"column":72}},"type":"cond-expr","locations":[{"start":{"line":20,"column":37},"end":{"line":20,"column":65}},{"start":{"line":20,"column":68},"end":{"line":20,"column":72}}],"line":20}},"s":{"0":9,"1":11,"2":11,"3":11,"4":9},"f":{"0":11},"b":{"0":[10,1],"1":[10,1]},"_coverageSchema":"1a1c01bbd47fc00a2c39e90264f33305004495a9","hash":"442e9f2cd8ef0d7267a74eae5557b028e8a4d476"}
,"C:\\Users\\destr\\Desktop\\AAD-dev\\Hybrid-Development\\03\\assignment-2\\fly-with-confidence\\src\\components\\layout\\AppHeader.tsx": {"path":"C:\\Users\\destr\\Desktop\\AAD-dev\\Hybrid-Development\\03\\assignment-2\\fly-with-confidence\\src\\components\\layout\\AppHeader.tsx","statementMap":{"0":{"start":{"line":15,"column":24},"end":{"line":15,"column":44}},"1":{"start":{"line":19,"column":18},"end":{"line":44,"column":1}},"2":{"start":{"line":20,"column":21},"end":{"line":20,"column":36}},"3":{"start":{"line":22,"column":26},"end":{"line":24,"column":3}},"4":{"start":{"line":23,"column":4},"end":{"line":23,"column":24}},"5":{"start":{"line":26,"column":24},"end":{"line":30,"column":3}},"6":{"start":{"line":27,"column":4},"end":{"line":29,"column":5}},"7":{"start":{"line":28,"column":6},"end":{"line":28,"column":25}},"8":{"start":{"line":32,"column":2},"end":{"line":43,"column":4}},"9":{"start":{"line":46,"column":15},"end":{"line":70,"column":2}}},"fnMap":{"0":{"name":"(anonymous_0)","decl":{"start":{"line":19,"column":18},"end":{"line":19,"column":19}},"loc":{"start":{"line":19,"column":44},"end":{"line":44,"column":1}},"line":19},"1":{"name":"(anonymous_1)","decl":{"start":{"line":22,"column":26},"end":{"line":22,"column":27}},"loc":{"start":{"line":22,"column":32},"end":{"line":24,"column":3}},"line":22},"2":{"name":"(anonymous_2)","decl":{"start":{"line":26,"column":24},"end":{"line":26,"column":25}},"loc":{"start":{"line":26,"column":30},"end":{"line":30,"column":3}},"line":26}},"branchMap":{"0":{"loc":{"start":{"line":27,"column":4},"end":{"line":29,"column":5}},"type":"if","locations":[{"start":{"line":27,"column":4},"end":{"line":29,"column":5}},{"start":{},"end":{}}],"line":27}},"s":{"0":8,"1":8,"2":1,"3":1,"4":0,"5":1,"6":1,"7":1,"8":1,"9":8},"f":{"0":1,"1":0,"2":1},"b":{"0":[1,0]},"_coverageSchema":"1a1c01bbd47fc00a2c39e90264f33305004495a9","hash":"bbb7aac93a4e208259a3a374b737c4ee0acffecd"}
,"C:\\Users\\destr\\Desktop\\AAD-dev\\Hybrid-Development\\03\\assignment-2\\fly-with-confidence\\src\\components\\layout\\Comment.tsx": {"path":"C:\\Users\\destr\\Desktop\\AAD-dev\\Hybrid-Development\\03\\assignment-2\\fly-with-confidence\\src\\components\\layout\\Comment.tsx","statementMap":{"0":{"start":{"line":13,"column":40},"end":{"line":23,"column":1}},"1":{"start":{"line":14,"column":2},"end":{"line":22,"column":4}},"2":{"start":{"line":25,"column":15},"end":{"line":51,"column":2}}},"fnMap":{"0":{"name":"(anonymous_0)","decl":{"start":{"line":13,"column":40},"end":{"line":13,"column":41}},"loc":{"start":{"line":13,"column":73},"end":{"line":23,"column":1}},"line":13}},"branchMap":{},"s":{"0":8,"1":5,"2":8},"f":{"0":5},"b":{},"_coverageSchema":"1a1c01bbd47fc00a2c39e90264f33305004495a9","hash":"d438828ecdc4e62ad7e90d6a14a3ef85b41a3d8f"}
,"C:\\Users\\destr\\Desktop\\AAD-dev\\Hybrid-Development\\03\\assignment-2\\fly-with-confidence\\src\\components\\layout\\SidePanelItem.tsx": {"path":"C:\\Users\\destr\\Desktop\\AAD-dev\\Hybrid-Development\\03\\assignment-2\\fly-with-confidence\\src\\components\\layout\\SidePanelItem.tsx","statementMap":{"0":{"start":{"line":34,"column":50},"end":{"line":43,"column":1}},"1":{"start":{"line":45,"column":51},"end":{"line":98,"column":1}},"2":{"start":{"line":46,"column":36},"end":{"line":46,"column":51}},"3":{"start":{"line":48,"column":24},"end":{"line":50,"column":3}},"4":{"start":{"line":49,"column":4},"end":{"line":49,"column":23}},"5":{"start":{"line":52,"column":25},"end":{"line":54,"column":3}},"6":{"start":{"line":53,"column":4},"end":{"line":53,"column":24}},"7":{"start":{"line":56,"column":2},"end":{"line":97,"column":4}},"8":{"start":{"line":100,"column":15},"end":{"line":129,"column":2}}},"fnMap":{"0":{"name":"(anonymous_0)","decl":{"start":{"line":45,"column":51},"end":{"line":45,"column":52}},"loc":{"start":{"line":45,"column":89},"end":{"line":98,"column":1}},"line":45},"1":{"name":"(anonymous_1)","decl":{"start":{"line":48,"column":24},"end":{"line":48,"column":25}},"loc":{"start":{"line":48,"column":30},"end":{"line":50,"column":3}},"line":48},"2":{"name":"(anonymous_2)","decl":{"start":{"line":52,"column":25},"end":{"line":52,"column":26}},"loc":{"start":{"line":52,"column":31},"end":{"line":54,"column":3}},"line":52}},"branchMap":{"0":{"loc":{"start":{"line":61,"column":36},"end":{"line":61,"column":75}},"type":"binary-expr","locations":[{"start":{"line":61,"column":36},"end":{"line":61,"column":45}},{"start":{"line":61,"column":49},"end":{"line":61,"column":75}}],"line":61},"1":{"loc":{"start":{"line":61,"column":77},"end":{"line":61,"column":104}},"type":"binary-expr","locations":[{"start":{"line":61,"column":77},"end":{"line":61,"column":83}},{"start":{"line":61,"column":87},"end":{"line":61,"column":104}}],"line":61},"2":{"loc":{"start":{"line":66,"column":8},"end":{"line":66,"column":53}},"type":"binary-expr","locations":[{"start":{"line":66,"column":8},"end":{"line":66,"column":17}},{"start":{"line":66,"column":21},"end":{"line":66,"column":53}}],"line":66},"3":{"loc":{"start":{"line":67,"column":8},"end":{"line":67,"column":39}},"type":"binary-expr","locations":[{"start":{"line":67,"column":8},"end":{"line":67,"column":14}},{"start":{"line":67,"column":18},"end":{"line":67,"column":39}}],"line":67},"4":{"loc":{"start":{"line":69,"column":9},"end":{"line":76,"column":9}},"type":"binary-expr","locations":[{"start":{"line":69,"column":9},"end":{"line":69,"column":13}},{"start":{"line":70,"column":10},"end":{"line":75,"column":17}}],"line":69},"5":{"loc":{"start":{"line":74,"column":77},"end":{"line":74,"column":108}},"type":"binary-expr","locations":[{"start":{"line":74,"column":77},"end":{"line":74,"column":83}},{"start":{"line":74,"column":87},"end":{"line":74,"column":108}}],"line":74},"6":{"loc":{"start":{"line":81,"column":7},"end":{"line":86,"column":10}},"type":"binary-expr","locations":[{"start":{"line":81,"column":7},"end":{"line":81,"column":13}},{"start":{"line":82,"column":8},"end":{"line":86,"column":10}}],"line":81},"7":{"loc":{"start":{"line":89,"column":7},"end":{"line":94,"column":10}},"type":"binary-expr","locations":[{"start":{"line":89,"column":7},"end":{"line":89,"column":14}},{"start":{"line":90,"column":8},"end":{"line":94,"column":10}}],"line":89},"8":{"loc":{"start":{"line":93,"column":17},"end":{"line":93,"column":73}},"type":"binary-expr","locations":[{"start":{"line":93,"column":17},"end":{"line":93,"column":26}},{"start":{"line":93,"column":30},"end":{"line":93,"column":49}},{"start":{"line":93,"column":53},"end":{"line":93,"column":73}}],"line":93}},"s":{"0":9,"1":9,"2":16,"3":16,"4":0,"5":16,"6":0,"7":16,"8":9},"f":{"0":16,"1":0,"2":0},"b":{"0":[16,0],"1":[16,2],"2":[16,0],"3":[16,2],"4":[16,16],"5":[16,2],"6":[16,2],"7":[16,14],"8":[14,0,14]},"_coverageSchema":"1a1c01bbd47fc00a2c39e90264f33305004495a9","hash":"b89dcf8cda80ef3997423c2456b6f10d2a803ab7"}
,"C:\\Users\\destr\\Desktop\\AAD-dev\\Hybrid-Development\\03\\assignment-2\\fly-with-confidence\\src\\components\\layout\\SidePanelItems.tsx": {"path":"C:\\Users\\destr\\Desktop\\AAD-dev\\Hybrid-Development\\03\\assignment-2\\fly-with-confidence\\src\\components\\layout\\SidePanelItems.tsx","statementMap":{"0":{"start":{"line":20,"column":24},"end":{"line":20,"column":44}},"1":{"start":{"line":24,"column":23},"end":{"line":124,"column":1}},"2":{"start":{"line":25,"column":19},"end":{"line":25,"column":32}},"3":{"start":{"line":26,"column":16},"end":{"line":26,"column":87}},"4":{"start":{"line":26,"column":69},"end":{"line":26,"column":86}},"5":{"start":{"line":28,"column":54},"end":{"line":28,"column":75}},"6":{"start":{"line":30,"column":25},"end":{"line":32,"column":3}},"7":{"start":{"line":31,"column":4},"end":{"line":31,"column":31}},"8":{"start":{"line":34,"column":26},"end":{"line":36,"column":3}},"9":{"start":{"line":35,"column":4},"end":{"line":35,"column":32}},"10":{"start":{"line":38,"column":25},"end":{"line":40,"column":3}},"11":{"start":{"line":39,"column":4},"end":{"line":39,"column":53}},"12":{"start":{"line":42,"column":17},"end":{"line":44,"column":3}},"13":{"start":{"line":43,"column":4},"end":{"line":43,"column":27}},"14":{"start":{"line":46,"column":2},"end":{"line":123,"column":4}},"15":{"start":{"line":60,"column":23},"end":{"line":60,"column":62}},"16":{"start":{"line":66,"column":23},"end":{"line":66,"column":112}},"17":{"start":{"line":72,"column":23},"end":{"line":72,"column":98}},"18":{"start":{"line":78,"column":23},"end":{"line":78,"column":105}},"19":{"start":{"line":84,"column":23},"end":{"line":84,"column":59}},"20":{"start":{"line":90,"column":23},"end":{"line":90,"column":61}},"21":{"start":{"line":99,"column":27},"end":{"line":99,"column":65}},"22":{"start":{"line":106,"column":27},"end":{"line":106,"column":35}},"23":{"start":{"line":113,"column":25},"end":{"line":113,"column":41}},"24":{"start":{"line":120,"column":30},"end":{"line":120,"column":46}},"25":{"start":{"line":126,"column":15},"end":{"line":153,"column":2}}},"fnMap":{"0":{"name":"(anonymous_0)","decl":{"start":{"line":24,"column":23},"end":{"line":24,"column":24}},"loc":{"start":{"line":24,"column":73},"end":{"line":124,"column":1}},"line":24},"1":{"name":"(anonymous_1)","decl":{"start":{"line":26,"column":28},"end":{"line":26,"column":29}},"loc":{"start":{"line":26,"column":69},"end":{"line":26,"column":86}},"line":26},"2":{"name":"(anonymous_2)","decl":{"start":{"line":30,"column":25},"end":{"line":30,"column":26}},"loc":{"start":{"line":30,"column":31},"end":{"line":32,"column":3}},"line":30},"3":{"name":"(anonymous_3)","decl":{"start":{"line":34,"column":26},"end":{"line":34,"column":27}},"loc":{"start":{"line":34,"column":32},"end":{"line":36,"column":3}},"line":34},"4":{"name":"(anonymous_4)","decl":{"start":{"line":38,"column":25},"end":{"line":38,"column":26}},"loc":{"start":{"line":38,"column":31},"end":{"line":40,"column":3}},"line":38},"5":{"name":"(anonymous_5)","decl":{"start":{"line":42,"column":17},"end":{"line":42,"column":18}},"loc":{"start":{"line":42,"column":23},"end":{"line":44,"column":3}},"line":42},"6":{"name":"(anonymous_6)","decl":{"start":{"line":60,"column":17},"end":{"line":60,"column":18}},"loc":{"start":{"line":60,"column":23},"end":{"line":60,"column":62}},"line":60},"7":{"name":"(anonymous_7)","decl":{"start":{"line":66,"column":17},"end":{"line":66,"column":18}},"loc":{"start":{"line":66,"column":23},"end":{"line":66,"column":112}},"line":66},"8":{"name":"(anonymous_8)","decl":{"start":{"line":72,"column":17},"end":{"line":72,"column":18}},"loc":{"start":{"line":72,"column":23},"end":{"line":72,"column":98}},"line":72},"9":{"name":"(anonymous_9)","decl":{"start":{"line":78,"column":17},"end":{"line":78,"column":18}},"loc":{"start":{"line":78,"column":23},"end":{"line":78,"column":105}},"line":78},"10":{"name":"(anonymous_10)","decl":{"start":{"line":84,"column":17},"end":{"line":84,"column":18}},"loc":{"start":{"line":84,"column":23},"end":{"line":84,"column":59}},"line":84},"11":{"name":"(anonymous_11)","decl":{"start":{"line":90,"column":17},"end":{"line":90,"column":18}},"loc":{"start":{"line":90,"column":23},"end":{"line":90,"column":61}},"line":90},"12":{"name":"(anonymous_12)","decl":{"start":{"line":99,"column":21},"end":{"line":99,"column":22}},"loc":{"start":{"line":99,"column":27},"end":{"line":99,"column":65}},"line":99},"13":{"name":"(anonymous_13)","decl":{"start":{"line":106,"column":21},"end":{"line":106,"column":22}},"loc":{"start":{"line":106,"column":27},"end":{"line":106,"column":35}},"line":106},"14":{"name":"(anonymous_14)","decl":{"start":{"line":113,"column":19},"end":{"line":113,"column":20}},"loc":{"start":{"line":113,"column":25},"end":{"line":113,"column":41}},"line":113},"15":{"name":"(anonymous_15)","decl":{"start":{"line":120,"column":24},"end":{"line":120,"column":25}},"loc":{"start":{"line":120,"column":30},"end":{"line":120,"column":46}},"line":120}},"branchMap":{"0":{"loc":{"start":{"line":67,"column":16},"end":{"line":67,"column":100}},"type":"binary-expr","locations":[{"start":{"line":67,"column":16},"end":{"line":67,"column":48}},{"start":{"line":67,"column":52},"end":{"line":67,"column":100}}],"line":67},"1":{"loc":{"start":{"line":73,"column":16},"end":{"line":73,"column":86}},"type":"binary-expr","locations":[{"start":{"line":73,"column":16},"end":{"line":73,"column":48}},{"start":{"line":73,"column":52},"end":{"line":73,"column":86}}],"line":73},"2":{"loc":{"start":{"line":79,"column":16},"end":{"line":79,"column":93}},"type":"binary-expr","locations":[{"start":{"line":79,"column":16},"end":{"line":79,"column":48}},{"start":{"line":79,"column":52},"end":{"line":79,"column":93}}],"line":79},"3":{"loc":{"start":{"line":94,"column":7},"end":{"line":114,"column":10}},"type":"cond-expr","locations":[{"start":{"line":95,"column":8},"end":{"line":108,"column":15}},{"start":{"line":110,"column":8},"end":{"line":114,"column":10}}],"line":94}},"s":{"0":8,"1":8,"2":2,"3":2,"4":4,"5":2,"6":2,"7":0,"8":2,"9":0,"10":2,"11":0,"12":2,"13":0,"14":2,"15":0,"16":1,"17":0,"18":0,"19":0,"20":0,"21":0,"22":0,"23":0,"24":0,"25":8},"f":{"0":2,"1":4,"2":0,"3":0,"4":0,"5":0,"6":0,"7":1,"8":0,"9":0,"10":0,"11":0,"12":0,"13":0,"14":0,"15":0},"b":{"0":[2,0],"1":[2,0],"2":[2,0],"3":[0,2]},"_coverageSchema":"1a1c01bbd47fc00a2c39e90264f33305004495a9","hash":"561771c9699eb2c4e650db3db52fc0f17e561e4b"}
,"C:\\Users\\destr\\Desktop\\AAD-dev\\Hybrid-Development\\03\\assignment-2\\fly-with-confidence\\src\\components\\modals\\CreatePostModal.tsx": {"path":"C:\\Users\\destr\\Desktop\\AAD-dev\\Hybrid-Development\\03\\assignment-2\\fly-with-confidence\\src\\components\\modals\\CreatePostModal.tsx","statementMap":{"0":{"start":{"line":42,"column":56},"end":{"line":301,"column":1}},"1":{"start":{"line":43,"column":16},"end":{"line":43,"column":87}},"2":{"start":{"line":43,"column":69},"end":{"line":43,"column":86}},"3":{"start":{"line":46,"column":22},"end":{"line":46,"column":46}},"4":{"start":{"line":48,"column":38},"end":{"line":48,"column":58}},"5":{"start":{"line":49,"column":36},"end":{"line":49,"column":56}},"6":{"start":{"line":50,"column":44},"end":{"line":50,"column":64}},"7":{"start":{"line":52,"column":28},"end":{"line":52,"column":48}},"8":{"start":{"line":53,"column":26},"end":{"line":53,"column":46}},"9":{"start":{"line":55,"column":28},"end":{"line":55,"column":48}},"10":{"start":{"line":56,"column":20},"end":{"line":56,"column":35}},"11":{"start":{"line":58,"column":62},"end":{"line":58,"column":73}},"12":{"start":{"line":59,"column":62},"end":{"line":59,"column":77}},"13":{"start":{"line":60,"column":54},"end":{"line":60,"column":76}},"14":{"start":{"line":61,"column":38},"end":{"line":72,"column":4}},"15":{"start":{"line":74,"column":62},"end":{"line":74,"column":73}},"16":{"start":{"line":75,"column":62},"end":{"line":75,"column":77}},"17":{"start":{"line":77,"column":50},"end":{"line":77,"column":62}},"18":{"start":{"line":80,"column":36},"end":{"line":80,"column":55}},"19":{"start":{"line":82,"column":27},"end":{"line":121,"column":3}},"20":{"start":{"line":83,"column":4},"end":{"line":83,"column":22}},"21":{"start":{"line":84,"column":4},"end":{"line":84,"column":21}},"22":{"start":{"line":85,"column":4},"end":{"line":85,"column":25}},"23":{"start":{"line":87,"column":18},"end":{"line":87,"column":22}},"24":{"start":{"line":89,"column":4},"end":{"line":92,"column":5}},"25":{"start":{"line":90,"column":6},"end":{"line":90,"column":41}},"26":{"start":{"line":91,"column":6},"end":{"line":91,"column":22}},"27":{"start":{"line":94,"column":4},"end":{"line":97,"column":5}},"28":{"start":{"line":95,"column":6},"end":{"line":95,"column":39}},"29":{"start":{"line":96,"column":6},"end":{"line":96,"column":22}},"30":{"start":{"line":99,"column":4},"end":{"line":102,"column":5}},"31":{"start":{"line":100,"column":6},"end":{"line":100,"column":60}},"32":{"start":{"line":101,"column":6},"end":{"line":101,"column":22}},"33":{"start":{"line":104,"column":4},"end":{"line":120,"column":5}},"34":{"start":{"line":105,"column":37},"end":{"line":111,"column":7}},"35":{"start":{"line":113,"column":23},"end":{"line":113,"column":77}},"36":{"start":{"line":115,"column":6},"end":{"line":119,"column":7}},"37":{"start":{"line":116,"column":8},"end":{"line":116,"column":59}},"38":{"start":{"line":117,"column":8},"end":{"line":117,"column":31}},"39":{"start":{"line":118,"column":8},"end":{"line":118,"column":23}},"40":{"start":{"line":123,"column":27},"end":{"line":132,"column":3}},"41":{"start":{"line":124,"column":4},"end":{"line":124,"column":17}},"42":{"start":{"line":125,"column":4},"end":{"line":125,"column":16}},"43":{"start":{"line":126,"column":4},"end":{"line":126,"column":17}},"44":{"start":{"line":127,"column":4},"end":{"line":127,"column":30}},"45":{"start":{"line":128,"column":4},"end":{"line":128,"column":28}},"46":{"start":{"line":129,"column":4},"end":{"line":129,"column":22}},"47":{"start":{"line":130,"column":4},"end":{"line":130,"column":21}},"48":{"start":{"line":131,"column":4},"end":{"line":131,"column":27}},"49":{"start":{"line":134,"column":25},"end":{"line":164,"column":3}},"50":{"start":{"line":135,"column":4},"end":{"line":163,"column":5}},"51":{"start":{"line":136,"column":28},"end":{"line":136,"column":55}},"52":{"start":{"line":138,"column":6},"end":{"line":160,"column":7}},"53":{"start":{"line":139,"column":28},"end":{"line":139,"column":54}},"54":{"start":{"line":141,"column":8},"end":{"line":159,"column":9}},"55":{"start":{"line":142,"column":42},"end":{"line":142,"column":53}},"56":{"start":{"line":143,"column":23},"end":{"line":143,"column":64}},"57":{"start":{"line":145,"column":10},"end":{"line":158,"column":11}},"58":{"start":{"line":146,"column":29},"end":{"line":146,"column":31}},"59":{"start":{"line":147,"column":29},"end":{"line":147,"column":83}},"60":{"start":{"line":150,"column":33},"end":{"line":150,"column":77}},"61":{"start":{"line":150,"column":64},"end":{"line":150,"column":76}},"62":{"start":{"line":151,"column":37},"end":{"line":154,"column":15}},"63":{"start":{"line":151,"column":73},"end":{"line":154,"column":13}},"64":{"start":{"line":156,"column":12},"end":{"line":156,"column":91}},"65":{"start":{"line":157,"column":12},"end":{"line":157,"column":43}},"66":{"start":{"line":162,"column":6},"end":{"line":162,"column":56}},"67":{"start":{"line":166,"column":26},"end":{"line":176,"column":3}},"68":{"start":{"line":167,"column":4},"end":{"line":175,"column":5}},"69":{"start":{"line":168,"column":23},"end":{"line":168,"column":40}},"70":{"start":{"line":170,"column":6},"end":{"line":172,"column":7}},"71":{"start":{"line":171,"column":8},"end":{"line":171,"column":27}},"72":{"start":{"line":174,"column":6},"end":{"line":174,"column":52}},"73":{"start":{"line":178,"column":2},"end":{"line":300,"column":4}},"74":{"start":{"line":252,"column":18},"end":{"line":252,"column":49}},"75":{"start":{"line":255,"column":18},"end":{"line":255,"column":47}},"76":{"start":{"line":285,"column":18},"end":{"line":285,"column":49}},"77":{"start":{"line":288,"column":18},"end":{"line":288,"column":47}},"78":{"start":{"line":303,"column":15},"end":{"line":336,"column":2}}},"fnMap":{"0":{"name":"(anonymous_0)","decl":{"start":{"line":42,"column":56},"end":{"line":42,"column":57}},"loc":{"start":{"line":42,"column":111},"end":{"line":301,"column":1}},"line":42},"1":{"name":"(anonymous_1)","decl":{"start":{"line":43,"column":28},"end":{"line":43,"column":29}},"loc":{"start":{"line":43,"column":69},"end":{"line":43,"column":86}},"line":43},"2":{"name":"(anonymous_2)","decl":{"start":{"line":82,"column":27},"end":{"line":82,"column":28}},"loc":{"start":{"line":82,"column":39},"end":{"line":121,"column":3}},"line":82},"3":{"name":"(anonymous_3)","decl":{"start":{"line":123,"column":27},"end":{"line":123,"column":28}},"loc":{"start":{"line":123,"column":33},"end":{"line":132,"column":3}},"line":123},"4":{"name":"(anonymous_4)","decl":{"start":{"line":134,"column":25},"end":{"line":134,"column":26}},"loc":{"start":{"line":134,"column":37},"end":{"line":164,"column":3}},"line":134},"5":{"name":"(anonymous_5)","decl":{"start":{"line":150,"column":46},"end":{"line":150,"column":47}},"loc":{"start":{"line":150,"column":64},"end":{"line":150,"column":76}},"line":150},"6":{"name":"(anonymous_6)","decl":{"start":{"line":151,"column":54},"end":{"line":151,"column":55}},"loc":{"start":{"line":151,"column":73},"end":{"line":154,"column":13}},"line":151},"7":{"name":"(anonymous_7)","decl":{"start":{"line":166,"column":26},"end":{"line":166,"column":27}},"loc":{"start":{"line":166,"column":38},"end":{"line":176,"column":3}},"line":166},"8":{"name":"(anonymous_8)","decl":{"start":{"line":251,"column":24},"end":{"line":251,"column":25}},"loc":{"start":{"line":251,"column":30},"end":{"line":253,"column":17}},"line":251},"9":{"name":"(anonymous_9)","decl":{"start":{"line":254,"column":25},"end":{"line":254,"column":26}},"loc":{"start":{"line":254,"column":31},"end":{"line":256,"column":17}},"line":254},"10":{"name":"(anonymous_10)","decl":{"start":{"line":284,"column":24},"end":{"line":284,"column":25}},"loc":{"start":{"line":284,"column":30},"end":{"line":286,"column":17}},"line":284},"11":{"name":"(anonymous_11)","decl":{"start":{"line":287,"column":25},"end":{"line":287,"column":26}},"loc":{"start":{"line":287,"column":31},"end":{"line":289,"column":17}},"line":287}},"branchMap":{"0":{"loc":{"start":{"line":46,"column":22},"end":{"line":46,"column":46}},"type":"cond-expr","locations":[{"start":{"line":46,"column":30},"end":{"line":46,"column":41}},{"start":{"line":46,"column":44},"end":{"line":46,"column":46}}],"line":46},"1":{"loc":{"start":{"line":89,"column":4},"end":{"line":92,"column":5}},"type":"if","locations":[{"start":{"line":89,"column":4},"end":{"line":92,"column":5}},{"start":{},"end":{}}],"line":89},"2":{"loc":{"start":{"line":94,"column":4},"end":{"line":97,"column":5}},"type":"if","locations":[{"start":{"line":94,"column":4},"end":{"line":97,"column":5}},{"start":{},"end":{}}],"line":94},"3":{"loc":{"start":{"line":99,"column":4},"end":{"line":102,"column":5}},"type":"if","locations":[{"start":{"line":99,"column":4},"end":{"line":102,"column":5}},{"start":{},"end":{}}],"line":99},"4":{"loc":{"start":{"line":104,"column":4},"end":{"line":120,"column":5}},"type":"if","locations":[{"start":{"line":104,"column":4},"end":{"line":120,"column":5}},{"start":{},"end":{}}],"line":104},"5":{"loc":{"start":{"line":115,"column":6},"end":{"line":119,"column":7}},"type":"if","locations":[{"start":{"line":115,"column":6},"end":{"line":119,"column":7}},{"start":{},"end":{}}],"line":115},"6":{"loc":{"start":{"line":138,"column":6},"end":{"line":160,"column":7}},"type":"if","locations":[{"start":{"line":138,"column":6},"end":{"line":160,"column":7}},{"start":{},"end":{}}],"line":138},"7":{"loc":{"start":{"line":141,"column":8},"end":{"line":159,"column":9}},"type":"if","locations":[{"start":{"line":141,"column":8},"end":{"line":159,"column":9}},{"start":{},"end":{}}],"line":141},"8":{"loc":{"start":{"line":145,"column":10},"end":{"line":158,"column":11}},"type":"if","locations":[{"start":{"line":145,"column":10},"end":{"line":158,"column":11}},{"start":{},"end":{}}],"line":145},"9":{"loc":{"start":{"line":170,"column":6},"end":{"line":172,"column":7}},"type":"if","locations":[{"start":{"line":170,"column":6},"end":{"line":172,"column":7}},{"start":{},"end":{}}],"line":170},"10":{"loc":{"start":{"line":202,"column":15},"end":{"line":202,"column":97}},"type":"cond-expr","locations":[{"start":{"line":202,"column":29},"end":{"line":202,"column":89}},{"start":{"line":202,"column":93},"end":{"line":202,"column":97}}],"line":202},"11":{"loc":{"start":{"line":216,"column":15},"end":{"line":216,"column":95}},"type":"cond-expr","locations":[{"start":{"line":216,"column":28},"end":{"line":216,"column":87}},{"start":{"line":216,"column":91},"end":{"line":216,"column":95}}],"line":216},"12":{"loc":{"start":{"line":243,"column":32},"end":{"line":243,"column":83}},"type":"cond-expr","locations":[{"start":{"line":243,"column":57},"end":{"line":243,"column":79}},{"start":{"line":243,"column":82},"end":{"line":243,"column":83}}],"line":243},"13":{"loc":{"start":{"line":259,"column":15},"end":{"line":259,"column":103}},"type":"cond-expr","locations":[{"start":{"line":259,"column":32},"end":{"line":259,"column":95}},{"start":{"line":259,"column":99},"end":{"line":259,"column":103}}],"line":259},"14":{"loc":{"start":{"line":276,"column":32},"end":{"line":276,"column":83}},"type":"cond-expr","locations":[{"start":{"line":276,"column":57},"end":{"line":276,"column":79}},{"start":{"line":276,"column":82},"end":{"line":276,"column":83}}],"line":276}},"s":{"0":2,"1":9,"2":13,"3":9,"4":9,"5":9,"6":9,"7":9,"8":9,"9":9,"10":9,"11":9,"12":9,"13":9,"14":9,"15":9,"16":9,"17":9,"18":9,"19":9,"20":2,"21":2,"22":2,"23":2,"24":2,"25":1,"26":1,"27":2,"28":1,"29":1,"30":2,"31":2,"32":2,"33":2,"34":0,"35":0,"36":0,"37":0,"38":0,"39":0,"40":9,"41":0,"42":0,"43":0,"44":0,"45":0,"46":0,"47":0,"48":0,"49":9,"50":0,"51":0,"52":0,"53":0,"54":0,"55":0,"56":0,"57":0,"58":0,"59":0,"60":0,"61":0,"62":0,"63":0,"64":0,"65":0,"66":0,"67":9,"68":0,"69":0,"70":0,"71":0,"72":0,"73":9,"74":0,"75":0,"76":0,"77":0,"78":2},"f":{"0":9,"1":13,"2":2,"3":0,"4":0,"5":0,"6":0,"7":0,"8":0,"9":0,"10":0,"11":0},"b":{"0":[0,9],"1":[1,1],"2":[1,1],"3":[2,0],"4":[0,2],"5":[0,0],"6":[0,0],"7":[0,0],"8":[0,0],"9":[0,0],"10":[1,8],"11":[1,8],"12":[0,9],"13":[2,7],"14":[0,9]},"_coverageSchema":"1a1c01bbd47fc00a2c39e90264f33305004495a9","hash":"fdd907967926518a1a2dae4721cb6332444f0524"}
,"C:\\Users\\destr\\Desktop\\AAD-dev\\Hybrid-Development\\03\\assignment-2\\fly-with-confidence\\src\\components\\modals\\LoginModal.tsx": {"path":"C:\\Users\\destr\\Desktop\\AAD-dev\\Hybrid-Development\\03\\assignment-2\\fly-with-confidence\\src\\components\\modals\\LoginModal.tsx","statementMap":{"0":{"start":{"line":29,"column":46},"end":{"line":140,"column":1}},"1":{"start":{"line":30,"column":34},"end":{"line":30,"column":54}},"2":{"start":{"line":31,"column":34},"end":{"line":31,"column":54}},"3":{"start":{"line":32,"column":44},"end":{"line":32,"column":64}},"4":{"start":{"line":33,"column":44},"end":{"line":33,"column":64}},"5":{"start":{"line":34,"column":38},"end":{"line":34,"column":58}},"6":{"start":{"line":36,"column":19},"end":{"line":36,"column":32}},"7":{"start":{"line":38,"column":18},"end":{"line":58,"column":3}},"8":{"start":{"line":39,"column":17},"end":{"line":39,"column":39}},"9":{"start":{"line":40,"column":4},"end":{"line":57,"column":5}},"10":{"start":{"line":41,"column":23},"end":{"line":41,"column":59}},"11":{"start":{"line":43,"column":6},"end":{"line":50,"column":7}},"12":{"start":{"line":44,"column":8},"end":{"line":44,"column":76}},"13":{"start":{"line":45,"column":8},"end":{"line":45,"column":37}},"14":{"start":{"line":46,"column":8},"end":{"line":46,"column":26}},"15":{"start":{"line":47,"column":8},"end":{"line":47,"column":25}},"16":{"start":{"line":48,"column":8},"end":{"line":48,"column":24}},"17":{"start":{"line":49,"column":8},"end":{"line":49,"column":24}},"18":{"start":{"line":54,"column":6},"end":{"line":56,"column":7}},"19":{"start":{"line":55,"column":8},"end":{"line":55,"column":73}},"20":{"start":{"line":60,"column":22},"end":{"line":79,"column":3}},"21":{"start":{"line":61,"column":4},"end":{"line":61,"column":25}},"22":{"start":{"line":62,"column":4},"end":{"line":62,"column":25}},"23":{"start":{"line":64,"column":18},"end":{"line":64,"column":22}},"24":{"start":{"line":66,"column":4},"end":{"line":69,"column":5}},"25":{"start":{"line":67,"column":6},"end":{"line":67,"column":47}},"26":{"start":{"line":68,"column":6},"end":{"line":68,"column":22}},"27":{"start":{"line":71,"column":4},"end":{"line":74,"column":5}},"28":{"start":{"line":72,"column":6},"end":{"line":72,"column":47}},"29":{"start":{"line":73,"column":6},"end":{"line":73,"column":22}},"30":{"start":{"line":76,"column":4},"end":{"line":78,"column":5}},"31":{"start":{"line":77,"column":6},"end":{"line":77,"column":34}},"32":{"start":{"line":81,"column":27},"end":{"line":88,"column":3}},"33":{"start":{"line":82,"column":4},"end":{"line":82,"column":20}},"34":{"start":{"line":83,"column":4},"end":{"line":83,"column":20}},"35":{"start":{"line":84,"column":4},"end":{"line":84,"column":25}},"36":{"start":{"line":85,"column":4},"end":{"line":85,"column":25}},"37":{"start":{"line":86,"column":4},"end":{"line":86,"column":22}},"38":{"start":{"line":87,"column":4},"end":{"line":87,"column":22}},"39":{"start":{"line":90,"column":2},"end":{"line":139,"column":4}},"40":{"start":{"line":142,"column":15},"end":{"line":159,"column":2}}},"fnMap":{"0":{"name":"(anonymous_0)","decl":{"start":{"line":29,"column":46},"end":{"line":29,"column":47}},"loc":{"start":{"line":29,"column":98},"end":{"line":140,"column":1}},"line":29},"1":{"name":"(anonymous_1)","decl":{"start":{"line":38,"column":18},"end":{"line":38,"column":19}},"loc":{"start":{"line":38,"column":64},"end":{"line":58,"column":3}},"line":38},"2":{"name":"(anonymous_2)","decl":{"start":{"line":60,"column":22},"end":{"line":60,"column":23}},"loc":{"start":{"line":60,"column":28},"end":{"line":79,"column":3}},"line":60},"3":{"name":"(anonymous_3)","decl":{"start":{"line":81,"column":27},"end":{"line":81,"column":28}},"loc":{"start":{"line":81,"column":33},"end":{"line":88,"column":3}},"line":81}},"branchMap":{"0":{"loc":{"start":{"line":43,"column":6},"end":{"line":50,"column":7}},"type":"if","locations":[{"start":{"line":43,"column":6},"end":{"line":50,"column":7}},{"start":{},"end":{}}],"line":43},"1":{"loc":{"start":{"line":54,"column":6},"end":{"line":56,"column":7}},"type":"if","locations":[{"start":{"line":54,"column":6},"end":{"line":56,"column":7}},{"start":{},"end":{}}],"line":54},"2":{"loc":{"start":{"line":54,"column":10},"end":{"line":54,"column":57}},"type":"binary-expr","locations":[{"start":{"line":54,"column":10},"end":{"line":54,"column":24}},{"start":{"line":54,"column":28},"end":{"line":54,"column":57}}],"line":54},"3":{"loc":{"start":{"line":66,"column":4},"end":{"line":69,"column":5}},"type":"if","locations":[{"start":{"line":66,"column":4},"end":{"line":69,"column":5}},{"start":{},"end":{}}],"line":66},"4":{"loc":{"start":{"line":71,"column":4},"end":{"line":74,"column":5}},"type":"if","locations":[{"start":{"line":71,"column":4},"end":{"line":74,"column":5}},{"start":{},"end":{}}],"line":71},"5":{"loc":{"start":{"line":76,"column":4},"end":{"line":78,"column":5}},"type":"if","locations":[{"start":{"line":76,"column":4},"end":{"line":78,"column":5}},{"start":{},"end":{}}],"line":76},"6":{"loc":{"start":{"line":114,"column":15},"end":{"line":114,"column":103}},"type":"cond-expr","locations":[{"start":{"line":114,"column":32},"end":{"line":114,"column":95}},{"start":{"line":114,"column":99},"end":{"line":114,"column":103}}],"line":114},"7":{"loc":{"start":{"line":127,"column":15},"end":{"line":127,"column":103}},"type":"cond-expr","locations":[{"start":{"line":127,"column":32},"end":{"line":127,"column":95}},{"start":{"line":127,"column":99},"end":{"line":127,"column":103}}],"line":127},"8":{"loc":{"start":{"line":129,"column":15},"end":{"line":129,"column":97}},"type":"cond-expr","locations":[{"start":{"line":129,"column":29},"end":{"line":129,"column":89}},{"start":{"line":129,"column":93},"end":{"line":129,"column":97}}],"line":129}},"s":{"0":9,"1":14,"2":14,"3":14,"4":14,"5":14,"6":14,"7":14,"8":1,"9":1,"10":1,"11":0,"12":0,"13":0,"14":0,"15":0,"16":0,"17":0,"18":0,"19":0,"20":14,"21":2,"22":2,"23":2,"24":2,"25":1,"26":1,"27":2,"28":1,"29":1,"30":2,"31":1,"32":14,"33":1,"34":1,"35":1,"36":1,"37":1,"38":1,"39":14,"40":9},"f":{"0":14,"1":1,"2":2,"3":1},"b":{"0":[0,0],"1":[0,0],"2":[0,0],"3":[1,1],"4":[1,1],"5":[1,1],"6":[1,13],"7":[1,13],"8":[0,14]},"_coverageSchema":"1a1c01bbd47fc00a2c39e90264f33305004495a9","hash":"5ef216c07d67519832c2d90d8f8771887fcef332"}
,"C:\\Users\\destr\\Desktop\\AAD-dev\\Hybrid-Development\\03\\assignment-2\\fly-with-confidence\\src\\components\\modals\\RegisterModal.tsx": {"path":"C:\\Users\\destr\\Desktop\\AAD-dev\\Hybrid-Development\\03\\assignment-2\\fly-with-confidence\\src\\components\\modals\\RegisterModal.tsx","statementMap":{"0":{"start":{"line":27,"column":52},"end":{"line":191,"column":1}},"1":{"start":{"line":28,"column":34},"end":{"line":28,"column":54}},"2":{"start":{"line":29,"column":28},"end":{"line":29,"column":48}},"3":{"start":{"line":30,"column":34},"end":{"line":30,"column":54}},"4":{"start":{"line":31,"column":58},"end":{"line":31,"column":78}},"5":{"start":{"line":33,"column":44},"end":{"line":33,"column":64}},"6":{"start":{"line":34,"column":38},"end":{"line":34,"column":58}},"7":{"start":{"line":35,"column":44},"end":{"line":35,"column":64}},"8":{"start":{"line":36,"column":68},"end":{"line":36,"column":88}},"9":{"start":{"line":38,"column":23},"end":{"line":42,"column":3}},"10":{"start":{"line":39,"column":23},"end":{"line":39,"column":51}},"11":{"start":{"line":41,"column":4},"end":{"line":41,"column":34}},"12":{"start":{"line":44,"column":21},"end":{"line":60,"column":3}},"13":{"start":{"line":45,"column":20},"end":{"line":49,"column":5}},"14":{"start":{"line":51,"column":21},"end":{"line":51,"column":59}},"15":{"start":{"line":53,"column":4},"end":{"line":59,"column":5}},"16":{"start":{"line":54,"column":6},"end":{"line":54,"column":86}},"17":{"start":{"line":55,"column":6},"end":{"line":55,"column":27}},"18":{"start":{"line":56,"column":6},"end":{"line":56,"column":26}},"19":{"start":{"line":58,"column":6},"end":{"line":58,"column":85}},"20":{"start":{"line":62,"column":25},"end":{"line":104,"column":3}},"21":{"start":{"line":63,"column":4},"end":{"line":63,"column":25}},"22":{"start":{"line":64,"column":4},"end":{"line":64,"column":22}},"23":{"start":{"line":65,"column":4},"end":{"line":65,"column":25}},"24":{"start":{"line":66,"column":4},"end":{"line":66,"column":37}},"25":{"start":{"line":68,"column":18},"end":{"line":68,"column":22}},"26":{"start":{"line":70,"column":4},"end":{"line":73,"column":5}},"27":{"start":{"line":71,"column":6},"end":{"line":71,"column":47}},"28":{"start":{"line":72,"column":6},"end":{"line":72,"column":22}},"29":{"start":{"line":75,"column":4},"end":{"line":81,"column":5}},"30":{"start":{"line":76,"column":6},"end":{"line":76,"column":41}},"31":{"start":{"line":77,"column":6},"end":{"line":77,"column":22}},"32":{"start":{"line":78,"column":11},"end":{"line":81,"column":5}},"33":{"start":{"line":79,"column":6},"end":{"line":79,"column":42}},"34":{"start":{"line":80,"column":6},"end":{"line":80,"column":22}},"35":{"start":{"line":83,"column":4},"end":{"line":89,"column":5}},"36":{"start":{"line":84,"column":6},"end":{"line":84,"column":47}},"37":{"start":{"line":85,"column":6},"end":{"line":85,"column":22}},"38":{"start":{"line":86,"column":11},"end":{"line":89,"column":5}},"39":{"start":{"line":87,"column":6},"end":{"line":87,"column":70}},"40":{"start":{"line":88,"column":6},"end":{"line":88,"column":22}},"41":{"start":{"line":91,"column":4},"end":{"line":94,"column":5}},"42":{"start":{"line":92,"column":6},"end":{"line":92,"column":72}},"43":{"start":{"line":93,"column":6},"end":{"line":93,"column":22}},"44":{"start":{"line":96,"column":4},"end":{"line":99,"column":5}},"45":{"start":{"line":97,"column":6},"end":{"line":97,"column":61}},"46":{"start":{"line":98,"column":6},"end":{"line":98,"column":22}},"47":{"start":{"line":101,"column":4},"end":{"line":103,"column":5}},"48":{"start":{"line":102,"column":6},"end":{"line":102,"column":44}},"49":{"start":{"line":106,"column":27},"end":{"line":116,"column":3}},"50":{"start":{"line":107,"column":4},"end":{"line":107,"column":20}},"51":{"start":{"line":108,"column":4},"end":{"line":108,"column":17}},"52":{"start":{"line":109,"column":4},"end":{"line":109,"column":20}},"53":{"start":{"line":110,"column":4},"end":{"line":110,"column":32}},"54":{"start":{"line":111,"column":4},"end":{"line":111,"column":25}},"55":{"start":{"line":112,"column":4},"end":{"line":112,"column":22}},"56":{"start":{"line":113,"column":4},"end":{"line":113,"column":25}},"57":{"start":{"line":114,"column":4},"end":{"line":114,"column":37}},"58":{"start":{"line":115,"column":4},"end":{"line":115,"column":25}},"59":{"start":{"line":118,"column":2},"end":{"line":190,"column":4}},"60":{"start":{"line":193,"column":15},"end":{"line":210,"column":2}}},"fnMap":{"0":{"name":"(anonymous_0)","decl":{"start":{"line":27,"column":52},"end":{"line":27,"column":53}},"loc":{"start":{"line":27,"column":110},"end":{"line":191,"column":1}},"line":27},"1":{"name":"(anonymous_1)","decl":{"start":{"line":38,"column":23},"end":{"line":38,"column":24}},"loc":{"start":{"line":38,"column":42},"end":{"line":42,"column":3}},"line":38},"2":{"name":"(anonymous_2)","decl":{"start":{"line":44,"column":21},"end":{"line":44,"column":22}},"loc":{"start":{"line":44,"column":82},"end":{"line":60,"column":3}},"line":44},"3":{"name":"(anonymous_3)","decl":{"start":{"line":62,"column":25},"end":{"line":62,"column":26}},"loc":{"start":{"line":62,"column":31},"end":{"line":104,"column":3}},"line":62},"4":{"name":"(anonymous_4)","decl":{"start":{"line":106,"column":27},"end":{"line":106,"column":28}},"loc":{"start":{"line":106,"column":33},"end":{"line":116,"column":3}},"line":106}},"branchMap":{"0":{"loc":{"start":{"line":53,"column":4},"end":{"line":59,"column":5}},"type":"if","locations":[{"start":{"line":53,"column":4},"end":{"line":59,"column":5}},{"start":{"line":57,"column":11},"end":{"line":59,"column":5}}],"line":53},"1":{"loc":{"start":{"line":70,"column":4},"end":{"line":73,"column":5}},"type":"if","locations":[{"start":{"line":70,"column":4},"end":{"line":73,"column":5}},{"start":{},"end":{}}],"line":70},"2":{"loc":{"start":{"line":75,"column":4},"end":{"line":81,"column":5}},"type":"if","locations":[{"start":{"line":75,"column":4},"end":{"line":81,"column":5}},{"start":{"line":78,"column":11},"end":{"line":81,"column":5}}],"line":75},"3":{"loc":{"start":{"line":78,"column":11},"end":{"line":81,"column":5}},"type":"if","locations":[{"start":{"line":78,"column":11},"end":{"line":81,"column":5}},{"start":{},"end":{}}],"line":78},"4":{"loc":{"start":{"line":83,"column":4},"end":{"line":89,"column":5}},"type":"if","locations":[{"start":{"line":83,"column":4},"end":{"line":89,"column":5}},{"start":{"line":86,"column":11},"end":{"line":89,"column":5}}],"line":83},"5":{"loc":{"start":{"line":86,"column":11},"end":{"line":89,"column":5}},"type":"if","locations":[{"start":{"line":86,"column":11},"end":{"line":89,"column":5}},{"start":{},"end":{}}],"line":86},"6":{"loc":{"start":{"line":91,"column":4},"end":{"line":94,"column":5}},"type":"if","locations":[{"start":{"line":91,"column":4},"end":{"line":94,"column":5}},{"start":{},"end":{}}],"line":91},"7":{"loc":{"start":{"line":96,"column":4},"end":{"line":99,"column":5}},"type":"if","locations":[{"start":{"line":96,"column":4},"end":{"line":99,"column":5}},{"start":{},"end":{}}],"line":96},"8":{"loc":{"start":{"line":101,"column":4},"end":{"line":103,"column":5}},"type":"if","locations":[{"start":{"line":101,"column":4},"end":{"line":103,"column":5}},{"start":{},"end":{}}],"line":101},"9":{"loc":{"start":{"line":142,"column":15},"end":{"line":142,"column":103}},"type":"cond-expr","locations":[{"start":{"line":142,"column":32},"end":{"line":142,"column":95}},{"start":{"line":142,"column":99},"end":{"line":142,"column":103}}],"line":142},"10":{"loc":{"start":{"line":154,"column":15},"end":{"line":154,"column":97}},"type":"cond-expr","locations":[{"start":{"line":154,"column":29},"end":{"line":154,"column":89}},{"start":{"line":154,"column":93},"end":{"line":154,"column":97}}],"line":154},"11":{"loc":{"start":{"line":167,"column":15},"end":{"line":167,"column":103}},"type":"cond-expr","locations":[{"start":{"line":167,"column":32},"end":{"line":167,"column":95}},{"start":{"line":167,"column":99},"end":{"line":167,"column":103}}],"line":167},"12":{"loc":{"start":{"line":180,"column":15},"end":{"line":180,"column":116}},"type":"cond-expr","locations":[{"start":{"line":180,"column":44},"end":{"line":180,"column":108}},{"start":{"line":180,"column":112},"end":{"line":180,"column":116}}],"line":180}},"s":{"0":8,"1":13,"2":13,"3":13,"4":13,"5":13,"6":13,"7":13,"8":13,"9":13,"10":2,"11":2,"12":13,"13":1,"14":1,"15":0,"16":0,"17":0,"18":0,"19":0,"20":13,"21":2,"22":2,"23":2,"24":2,"25":2,"26":2,"27":1,"28":1,"29":2,"30":0,"31":0,"32":2,"33":1,"34":1,"35":2,"36":0,"37":0,"38":2,"39":1,"40":1,"41":2,"42":0,"43":0,"44":2,"45":1,"46":1,"47":2,"48":1,"49":13,"50":1,"51":1,"52":1,"53":1,"54":1,"55":1,"56":1,"57":1,"58":1,"59":13,"60":8},"f":{"0":13,"1":2,"2":1,"3":2,"4":1},"b":{"0":[0,0],"1":[1,1],"2":[0,2],"3":[1,1],"4":[0,2],"5":[1,1],"6":[0,2],"7":[1,1],"8":[1,1],"9":[1,12],"10":[1,12],"11":[1,12],"12":[1,12]},"_coverageSchema":"1a1c01bbd47fc00a2c39e90264f33305004495a9","hash":"68639ec26c1b68b7afecca427dcf875c7b15d751"}
,"C:\\Users\\destr\\Desktop\\AAD-dev\\Hybrid-Development\\03\\assignment-2\\fly-with-confidence\\src\\components\\typography\\FormLabel.tsx": {"path":"C:\\Users\\destr\\Desktop\\AAD-dev\\Hybrid-Development\\03\\assignment-2\\fly-with-confidence\\src\\components\\typography\\FormLabel.tsx","statementMap":{"0":{"start":{"line":12,"column":44},"end":{"line":18,"column":1}},"1":{"start":{"line":13,"column":21},"end":{"line":13,"column":45}},"2":{"start":{"line":15,"column":2},"end":{"line":17,"column":4}}},"fnMap":{"0":{"name":"(anonymous_0)","decl":{"start":{"line":12,"column":44},"end":{"line":12,"column":45}},"loc":{"start":{"line":12,"column":87},"end":{"line":18,"column":1}},"line":12}},"branchMap":{"0":{"loc":{"start":{"line":12,"column":56},"end":{"line":12,"column":66}},"type":"default-arg","locations":[{"start":{"line":12,"column":64},"end":{"line":12,"column":66}}],"line":12}},"s":{"0":12,"1":62,"2":62},"f":{"0":62},"b":{"0":[61]},"_coverageSchema":"1a1c01bbd47fc00a2c39e90264f33305004495a9","hash":"8727387c731f1e41cac4bf7ab446832b5b51522b"}
,"C:\\Users\\destr\\Desktop\\AAD-dev\\Hybrid-Development\\03\\assignment-2\\fly-with-confidence\\src\\components\\typography\\TextSubTitle.tsx": {"path":"C:\\Users\\destr\\Desktop\\AAD-dev\\Hybrid-Development\\03\\assignment-2\\fly-with-confidence\\src\\components\\typography\\TextSubTitle.tsx","statementMap":{"0":{"start":{"line":12,"column":50},"end":{"line":18,"column":1}},"1":{"start":{"line":13,"column":21},"end":{"line":13,"column":60}},"2":{"start":{"line":15,"column":2},"end":{"line":17,"column":4}}},"fnMap":{"0":{"name":"(anonymous_0)","decl":{"start":{"line":12,"column":50},"end":{"line":12,"column":51}},"loc":{"start":{"line":12,"column":88},"end":{"line":18,"column":1}},"line":12}},"branchMap":{"0":{"loc":{"start":{"line":13,"column":21},"end":{"line":13,"column":60}},"type":"cond-expr","locations":[{"start":{"line":13,"column":29},"end":{"line":13,"column":53}},{"start":{"line":13,"column":56},"end":{"line":13,"column":60}}],"line":13}},"s":{"0":12,"1":40,"2":40},"f":{"0":40},"b":{"0":[21,19]},"_coverageSchema":"1a1c01bbd47fc00a2c39e90264f33305004495a9","hash":"81011fb27108a8248ad070c6be97baa39993166a"}
,"C:\\Users\\destr\\Desktop\\AAD-dev\\Hybrid-Development\\03\\assignment-2\\fly-with-confidence\\src\\components\\typography\\TextTitle.tsx": {"path":"C:\\Users\\destr\\Desktop\\AAD-dev\\Hybrid-Development\\03\\assignment-2\\fly-with-confidence\\src\\components\\typography\\TextTitle.tsx","statementMap":{"0":{"start":{"line":12,"column":44},"end":{"line":18,"column":1}},"1":{"start":{"line":13,"column":21},"end":{"line":13,"column":45}},"2":{"start":{"line":15,"column":2},"end":{"line":17,"column":4}}},"fnMap":{"0":{"name":"(anonymous_0)","decl":{"start":{"line":12,"column":44},"end":{"line":12,"column":45}},"loc":{"start":{"line":12,"column":87},"end":{"line":18,"column":1}},"line":12}},"branchMap":{"0":{"loc":{"start":{"line":12,"column":56},"end":{"line":12,"column":66}},"type":"default-arg","locations":[{"start":{"line":12,"column":64},"end":{"line":12,"column":66}}],"line":12}},"s":{"0":12,"1":35,"2":35},"f":{"0":35},"b":{"0":[34]},"_coverageSchema":"1a1c01bbd47fc00a2c39e90264f33305004495a9","hash":"cccfcdaef009cbd62a2ea450c1172a447434734e"}
,"C:\\Users\\destr\\Desktop\\AAD-dev\\Hybrid-Development\\03\\assignment-2\\fly-with-confidence\\src\\views\\Home.tsx": {"path":"C:\\Users\\destr\\Desktop\\AAD-dev\\Hybrid-Development\\03\\assignment-2\\fly-with-confidence\\src\\views\\Home.tsx","statementMap":{"0":{"start":{"line":20,"column":54},"end":{"line":20,"column":75}},"1":{"start":{"line":21,"column":60},"end":{"line":21,"column":81}},"2":{"start":{"line":23,"column":25},"end":{"line":25,"column":3}},"3":{"start":{"line":24,"column":4},"end":{"line":24,"column":31}},"4":{"start":{"line":27,"column":26},"end":{"line":29,"column":3}},"5":{"start":{"line":28,"column":4},"end":{"line":28,"column":32}},"6":{"start":{"line":31,"column":28},"end":{"line":33,"column":3}},"7":{"start":{"line":32,"column":4},"end":{"line":32,"column":34}},"8":{"start":{"line":35,"column":29},"end":{"line":37,"column":3}},"9":{"start":{"line":36,"column":4},"end":{"line":36,"column":35}},"10":{"start":{"line":39,"column":2},"end":{"line":82,"column":4}},"11":{"start":{"line":56,"column":25},"end":{"line":56,"column":63}},"12":{"start":{"line":70,"column":32},"end":{"line":70,"column":70}},"13":{"start":{"line":76,"column":35},"end":{"line":76,"column":68}},"14":{"start":{"line":85,"column":21},"end":{"line":85,"column":52}},"15":{"start":{"line":86,"column":24},"end":{"line":86,"column":44}},"16":{"start":{"line":88,"column":15},"end":{"line":125,"column":2}}},"fnMap":{"0":{"name":"Home","decl":{"start":{"line":19,"column":24},"end":{"line":19,"column":28}},"loc":{"start":{"line":19,"column":45},"end":{"line":83,"column":1}},"line":19},"1":{"name":"(anonymous_1)","decl":{"start":{"line":23,"column":25},"end":{"line":23,"column":26}},"loc":{"start":{"line":23,"column":31},"end":{"line":25,"column":3}},"line":23},"2":{"name":"(anonymous_2)","decl":{"start":{"line":27,"column":26},"end":{"line":27,"column":27}},"loc":{"start":{"line":27,"column":32},"end":{"line":29,"column":3}},"line":27},"3":{"name":"(anonymous_3)","decl":{"start":{"line":31,"column":28},"end":{"line":31,"column":29}},"loc":{"start":{"line":31,"column":34},"end":{"line":33,"column":3}},"line":31},"4":{"name":"(anonymous_4)","decl":{"start":{"line":35,"column":29},"end":{"line":35,"column":30}},"loc":{"start":{"line":35,"column":35},"end":{"line":37,"column":3}},"line":35},"5":{"name":"(anonymous_5)","decl":{"start":{"line":56,"column":19},"end":{"line":56,"column":20}},"loc":{"start":{"line":56,"column":25},"end":{"line":56,"column":63}},"line":56},"6":{"name":"(anonymous_6)","decl":{"start":{"line":70,"column":26},"end":{"line":70,"column":27}},"loc":{"start":{"line":70,"column":32},"end":{"line":70,"column":70}},"line":70},"7":{"name":"(anonymous_7)","decl":{"start":{"line":76,"column":29},"end":{"line":76,"column":30}},"loc":{"start":{"line":76,"column":35},"end":{"line":76,"column":68}},"line":76}},"branchMap":{},"s":{"0":7,"1":7,"2":7,"3":1,"4":7,"5":1,"6":7,"7":1,"8":7,"9":1,"10":7,"11":1,"12":0,"13":0,"14":1,"15":1,"16":1},"f":{"0":7,"1":1,"2":1,"3":1,"4":1,"5":1,"6":0,"7":0},"b":{},"_coverageSchema":"1a1c01bbd47fc00a2c39e90264f33305004495a9","hash":"411890bcaa8624e2a22f0662c8b5c4d2f4c6a4a7"}
,"C:\\Users\\destr\\Desktop\\AAD-dev\\Hybrid-Development\\03\\assignment-2\\fly-with-confidence\\src\\views\\SelectionScreen.tsx": {"path":"C:\\Users\\destr\\Desktop\\AAD-dev\\Hybrid-Development\\03\\assignment-2\\fly-with-confidence\\src\\views\\SelectionScreen.tsx","statementMap":{"0":{"start":{"line":9,"column":28},"end":{"line":46,"column":3}},"1":{"start":{"line":14,"column":21},"end":{"line":14,"column":60}},"2":{"start":{"line":20,"column":21},"end":{"line":20,"column":110}},"3":{"start":{"line":26,"column":21},"end":{"line":26,"column":96}},"4":{"start":{"line":32,"column":21},"end":{"line":32,"column":103}},"5":{"start":{"line":38,"column":21},"end":{"line":38,"column":57}},"6":{"start":{"line":44,"column":21},"end":{"line":44,"column":59}},"7":{"start":{"line":48,"column":2},"end":{"line":61,"column":4}},"8":{"start":{"line":56,"column":36},"end":{"line":56,"column":112}},"9":{"start":{"line":57,"column":34},"end":{"line":57,"column":41}}},"fnMap":{"0":{"name":"SelectionScreen","decl":{"start":{"line":8,"column":24},"end":{"line":8,"column":39}},"loc":{"start":{"line":8,"column":56},"end":{"line":62,"column":1}},"line":8},"1":{"name":"(anonymous_1)","decl":{"start":{"line":14,"column":15},"end":{"line":14,"column":16}},"loc":{"start":{"line":14,"column":21},"end":{"line":14,"column":60}},"line":14},"2":{"name":"(anonymous_2)","decl":{"start":{"line":20,"column":15},"end":{"line":20,"column":16}},"loc":{"start":{"line":20,"column":21},"end":{"line":20,"column":110}},"line":20},"3":{"name":"(anonymous_3)","decl":{"start":{"line":26,"column":15},"end":{"line":26,"column":16}},"loc":{"start":{"line":26,"column":21},"end":{"line":26,"column":96}},"line":26},"4":{"name":"(anonymous_4)","decl":{"start":{"line":32,"column":15},"end":{"line":32,"column":16}},"loc":{"start":{"line":32,"column":21},"end":{"line":32,"column":103}},"line":32},"5":{"name":"(anonymous_5)","decl":{"start":{"line":38,"column":15},"end":{"line":38,"column":16}},"loc":{"start":{"line":38,"column":21},"end":{"line":38,"column":57}},"line":38},"6":{"name":"(anonymous_6)","decl":{"start":{"line":44,"column":15},"end":{"line":44,"column":16}},"loc":{"start":{"line":44,"column":21},"end":{"line":44,"column":59}},"line":44},"7":{"name":"(anonymous_7)","decl":{"start":{"line":56,"column":22},"end":{"line":56,"column":23}},"loc":{"start":{"line":56,"column":36},"end":{"line":56,"column":112}},"line":56},"8":{"name":"(anonymous_8)","decl":{"start":{"line":57,"column":24},"end":{"line":57,"column":25}},"loc":{"start":{"line":57,"column":34},"end":{"line":57,"column":41}},"line":57}},"branchMap":{},"s":{"0":1,"1":0,"2":0,"3":0,"4":0,"5":0,"6":0,"7":1,"8":6,"9":7},"f":{"0":1,"1":0,"2":0,"3":0,"4":0,"5":0,"6":0,"7":6,"8":7},"b":{},"_coverageSchema":"1a1c01bbd47fc00a2c39e90264f33305004495a9","hash":"baaffb278109cfe0fa4806af6241e78992699e40"}
,"C:\\Users\\destr\\Desktop\\AAD-dev\\Hybrid-Development\\03\\assignment-2\\fly-with-confidence\\src\\views\\Articles\\ArticleDetail.tsx": {"path":"C:\\Users\\destr\\Desktop\\AAD-dev\\Hybrid-Development\\03\\assignment-2\\fly-with-confidence\\src\\views\\Articles\\ArticleDetail.tsx","statementMap":{"0":{"start":{"line":24,"column":16},"end":{"line":24,"column":26}},"1":{"start":{"line":27,"column":28},"end":{"line":27,"column":66}},"2":{"start":{"line":28,"column":32},"end":{"line":28,"column":63}},"3":{"start":{"line":30,"column":2},"end":{"line":41,"column":9}},"4":{"start":{"line":31,"column":25},"end":{"line":38,"column":5}},"5":{"start":{"line":32,"column":6},"end":{"line":37,"column":7}},"6":{"start":{"line":33,"column":24},"end":{"line":33,"column":77}},"7":{"start":{"line":34,"column":8},"end":{"line":34,"column":28}},"8":{"start":{"line":36,"column":8},"end":{"line":36,"column":85}},"9":{"start":{"line":40,"column":4},"end":{"line":40,"column":19}},"10":{"start":{"line":43,"column":2},"end":{"line":79,"column":12}},"11":{"start":{"line":78,"column":57},"end":{"line":78,"column":76}},"12":{"start":{"line":82,"column":15},"end":{"line":132,"column":2}}},"fnMap":{"0":{"name":"ArticleDetail","decl":{"start":{"line":23,"column":24},"end":{"line":23,"column":37}},"loc":{"start":{"line":23,"column":54},"end":{"line":80,"column":1}},"line":23},"1":{"name":"(anonymous_1)","decl":{"start":{"line":30,"column":12},"end":{"line":30,"column":13}},"loc":{"start":{"line":30,"column":18},"end":{"line":41,"column":3}},"line":30},"2":{"name":"(anonymous_2)","decl":{"start":{"line":31,"column":25},"end":{"line":31,"column":26}},"loc":{"start":{"line":31,"column":37},"end":{"line":38,"column":5}},"line":31},"3":{"name":"(anonymous_3)","decl":{"start":{"line":78,"column":51},"end":{"line":78,"column":52}},"loc":{"start":{"line":78,"column":57},"end":{"line":78,"column":76}},"line":78}},"branchMap":{"0":{"loc":{"start":{"line":27,"column":28},"end":{"line":27,"column":66}},"type":"binary-expr","locations":[{"start":{"line":27,"column":28},"end":{"line":27,"column":40}},{"start":{"line":27,"column":44},"end":{"line":27,"column":66}}],"line":27},"1":{"loc":{"start":{"line":43,"column":9},"end":{"line":79,"column":11}},"type":"cond-expr","locations":[{"start":{"line":44,"column":4},"end":{"line":72,"column":17}},{"start":{"line":74,"column":4},"end":{"line":79,"column":11}}],"line":43},"2":{"loc":{"start":{"line":56,"column":7},"end":{"line":68,"column":14}},"type":"cond-expr","locations":[{"start":{"line":57,"column":8},"end":{"line":67,"column":15}},{"start":{"line":68,"column":10},"end":{"line":68,"column":14}}],"line":56},"3":{"loc":{"start":{"line":64,"column":20},"end":{"line":64,"column":70}},"type":"cond-expr","locations":[{"start":{"line":64,"column":36},"end":{"line":64,"column":63}},{"start":{"line":64,"column":66},"end":{"line":64,"column":70}}],"line":64}},"s":{"0":4,"1":4,"2":4,"3":4,"4":2,"5":2,"6":2,"7":2,"8":0,"9":2,"10":4,"11":0,"12":1},"f":{"0":4,"1":2,"2":2,"3":0},"b":{"0":[4,0],"1":[1,3],"2":[1,0],"3":[1,0]},"_coverageSchema":"1a1c01bbd47fc00a2c39e90264f33305004495a9","hash":"af55427e1718710b86ecfb3062350be89985c77f"}
,"C:\\Users\\destr\\Desktop\\AAD-dev\\Hybrid-Development\\03\\assignment-2\\fly-with-confidence\\src\\views\\Articles\\ArticleOverview.tsx": {"path":"C:\\Users\\destr\\Desktop\\AAD-dev\\Hybrid-Development\\03\\assignment-2\\fly-with-confidence\\src\\views\\Articles\\ArticleOverview.tsx","statementMap":{"0":{"start":{"line":26,"column":16},"end":{"line":26,"column":26}},"1":{"start":{"line":30,"column":27},"end":{"line":30,"column":72}},"2":{"start":{"line":31,"column":34},"end":{"line":31,"column":57}},"3":{"start":{"line":33,"column":2},"end":{"line":44,"column":9}},"4":{"start":{"line":34,"column":26},"end":{"line":41,"column":5}},"5":{"start":{"line":35,"column":6},"end":{"line":40,"column":7}},"6":{"start":{"line":36,"column":25},"end":{"line":36,"column":78}},"7":{"start":{"line":37,"column":8},"end":{"line":37,"column":30}},"8":{"start":{"line":39,"column":8},"end":{"line":39,"column":57}},"9":{"start":{"line":43,"column":4},"end":{"line":43,"column":20}},"10":{"start":{"line":46,"column":2},"end":{"line":87,"column":4}},"11":{"start":{"line":65,"column":14},"end":{"line":69,"column":16}},"12":{"start":{"line":68,"column":31},"end":{"line":68,"column":98}},"13":{"start":{"line":71,"column":36},"end":{"line":71,"column":50}},"14":{"start":{"line":82,"column":63},"end":{"line":82,"column":82}},"15":{"start":{"line":90,"column":15},"end":{"line":107,"column":2}}},"fnMap":{"0":{"name":"ArticleOverview","decl":{"start":{"line":25,"column":24},"end":{"line":25,"column":39}},"loc":{"start":{"line":25,"column":56},"end":{"line":88,"column":1}},"line":25},"1":{"name":"(anonymous_1)","decl":{"start":{"line":33,"column":12},"end":{"line":33,"column":13}},"loc":{"start":{"line":33,"column":18},"end":{"line":44,"column":3}},"line":33},"2":{"name":"(anonymous_2)","decl":{"start":{"line":34,"column":26},"end":{"line":34,"column":27}},"loc":{"start":{"line":34,"column":38},"end":{"line":41,"column":5}},"line":34},"3":{"name":"(anonymous_3)","decl":{"start":{"line":64,"column":24},"end":{"line":64,"column":25}},"loc":{"start":{"line":65,"column":14},"end":{"line":69,"column":16}},"line":65},"4":{"name":"(anonymous_4)","decl":{"start":{"line":68,"column":25},"end":{"line":68,"column":26}},"loc":{"start":{"line":68,"column":31},"end":{"line":68,"column":98}},"line":68},"5":{"name":"(anonymous_5)","decl":{"start":{"line":71,"column":26},"end":{"line":71,"column":27}},"loc":{"start":{"line":71,"column":36},"end":{"line":71,"column":50}},"line":71},"6":{"name":"(anonymous_6)","decl":{"start":{"line":82,"column":57},"end":{"line":82,"column":58}},"loc":{"start":{"line":82,"column":63},"end":{"line":82,"column":82}},"line":82}},"branchMap":{"0":{"loc":{"start":{"line":30,"column":27},"end":{"line":30,"column":72}},"type":"binary-expr","locations":[{"start":{"line":30,"column":27},"end":{"line":30,"column":39}},{"start":{"line":30,"column":43},"end":{"line":30,"column":72}}],"line":30},"1":{"loc":{"start":{"line":61,"column":9},"end":{"line":84,"column":9}},"type":"cond-expr","locations":[{"start":{"line":62,"column":10},"end":{"line":72,"column":12}},{"start":{"line":74,"column":10},"end":{"line":83,"column":17}}],"line":61}},"s":{"0":4,"1":4,"2":4,"3":4,"4":2,"5":2,"6":2,"7":2,"8":0,"9":2,"10":4,"11":2,"12":0,"13":3,"14":0,"15":1},"f":{"0":4,"1":2,"2":2,"3":2,"4":0,"5":3,"6":0},"b":{"0":[4,0],"1":[1,3]},"_coverageSchema":"1a1c01bbd47fc00a2c39e90264f33305004495a9","hash":"7d7d4ec57cc552a6b952334e63988f39d8c55291"}
,"C:\\Users\\destr\\Desktop\\AAD-dev\\Hybrid-Development\\03\\assignment-2\\fly-with-confidence\\src\\views\\Articles\\CategoryOverview.tsx": {"path":"C:\\Users\\destr\\Desktop\\AAD-dev\\Hybrid-Development\\03\\assignment-2\\fly-with-confidence\\src\\views\\Articles\\CategoryOverview.tsx","statementMap":{"0":{"start":{"line":9,"column":21},"end":{"line":35,"column":3}},"1":{"start":{"line":13,"column":21},"end":{"line":13,"column":106}},"2":{"start":{"line":18,"column":21},"end":{"line":18,"column":110}},"3":{"start":{"line":23,"column":21},"end":{"line":23,"column":96}},"4":{"start":{"line":28,"column":21},"end":{"line":28,"column":102}},"5":{"start":{"line":33,"column":21},"end":{"line":33,"column":107}},"6":{"start":{"line":37,"column":2},"end":{"line":59,"column":4}},"7":{"start":{"line":45,"column":36},"end":{"line":45,"column":95}},"8":{"start":{"line":46,"column":34},"end":{"line":46,"column":41}},"9":{"start":{"line":54,"column":36},"end":{"line":54,"column":95}},"10":{"start":{"line":55,"column":34},"end":{"line":55,"column":41}}},"fnMap":{"0":{"name":"CategoryOverview","decl":{"start":{"line":8,"column":24},"end":{"line":8,"column":40}},"loc":{"start":{"line":8,"column":57},"end":{"line":60,"column":1}},"line":8},"1":{"name":"(anonymous_1)","decl":{"start":{"line":13,"column":15},"end":{"line":13,"column":16}},"loc":{"start":{"line":13,"column":21},"end":{"line":13,"column":106}},"line":13},"2":{"name":"(anonymous_2)","decl":{"start":{"line":18,"column":15},"end":{"line":18,"column":16}},"loc":{"start":{"line":18,"column":21},"end":{"line":18,"column":110}},"line":18},"3":{"name":"(anonymous_3)","decl":{"start":{"line":23,"column":15},"end":{"line":23,"column":16}},"loc":{"start":{"line":23,"column":21},"end":{"line":23,"column":96}},"line":23},"4":{"name":"(anonymous_4)","decl":{"start":{"line":28,"column":15},"end":{"line":28,"column":16}},"loc":{"start":{"line":28,"column":21},"end":{"line":28,"column":102}},"line":28},"5":{"name":"(anonymous_5)","decl":{"start":{"line":33,"column":15},"end":{"line":33,"column":16}},"loc":{"start":{"line":33,"column":21},"end":{"line":33,"column":107}},"line":33},"6":{"name":"(anonymous_6)","decl":{"start":{"line":45,"column":22},"end":{"line":45,"column":23}},"loc":{"start":{"line":45,"column":36},"end":{"line":45,"column":95}},"line":45},"7":{"name":"(anonymous_7)","decl":{"start":{"line":46,"column":24},"end":{"line":46,"column":25}},"loc":{"start":{"line":46,"column":34},"end":{"line":46,"column":41}},"line":46},"8":{"name":"(anonymous_8)","decl":{"start":{"line":54,"column":22},"end":{"line":54,"column":23}},"loc":{"start":{"line":54,"column":36},"end":{"line":54,"column":95}},"line":54},"9":{"name":"(anonymous_9)","decl":{"start":{"line":55,"column":24},"end":{"line":55,"column":25}},"loc":{"start":{"line":55,"column":34},"end":{"line":55,"column":41}},"line":55}},"branchMap":{},"s":{"0":2,"1":1,"2":0,"3":0,"4":0,"5":0,"6":2,"7":10,"8":12,"9":10,"10":12},"f":{"0":2,"1":1,"2":0,"3":0,"4":0,"5":0,"6":10,"7":12,"8":10,"9":12},"b":{},"_coverageSchema":"1a1c01bbd47fc00a2c39e90264f33305004495a9","hash":"22136a5bc1b9613dc6df50d012df597423436733"}
,"C:\\Users\\destr\\Desktop\\AAD-dev\\Hybrid-Development\\03\\assignment-2\\fly-with-confidence\\src\\views\\Posts\\ForumDetail.tsx": {"path":"C:\\Users\\destr\\Desktop\\AAD-dev\\Hybrid-Development\\03\\assignment-2\\fly-with-confidence\\src\\views\\Posts\\ForumDetail.tsx","statementMap":{"0":{"start":{"line":25,"column":16},"end":{"line":25,"column":26}},"1":{"start":{"line":28,"column":25},"end":{"line":28,"column":60}},"2":{"start":{"line":29,"column":26},"end":{"line":29,"column":60}},"3":{"start":{"line":30,"column":26},"end":{"line":30,"column":38}},"4":{"start":{"line":32,"column":26},"end":{"line":42,"column":3}},"5":{"start":{"line":33,"column":4},"end":{"line":41,"column":5}},"6":{"start":{"line":34,"column":23},"end":{"line":34,"column":46}},"7":{"start":{"line":36,"column":6},"end":{"line":36,"column":22}},"8":{"start":{"line":38,"column":6},"end":{"line":38,"column":56}},"9":{"start":{"line":40,"column":6},"end":{"line":40,"column":16}},"10":{"start":{"line":44,"column":2},"end":{"line":60,"column":9}},"11":{"start":{"line":45,"column":22},"end":{"line":57,"column":5}},"12":{"start":{"line":46,"column":6},"end":{"line":56,"column":7}},"13":{"start":{"line":47,"column":21},"end":{"line":47,"column":65}},"14":{"start":{"line":49,"column":8},"end":{"line":53,"column":9}},"15":{"start":{"line":50,"column":10},"end":{"line":50,"column":24}},"16":{"start":{"line":51,"column":39},"end":{"line":51,"column":65}},"17":{"start":{"line":52,"column":10},"end":{"line":52,"column":40}},"18":{"start":{"line":55,"column":8},"end":{"line":55,"column":79}},"19":{"start":{"line":59,"column":4},"end":{"line":59,"column":16}},"20":{"start":{"line":62,"column":2},"end":{"line":129,"column":12}},"21":{"start":{"line":70,"column":10},"end":{"line":76,"column":12}},"22":{"start":{"line":112,"column":10},"end":{"line":119,"column":12}},"23":{"start":{"line":128,"column":61},"end":{"line":128,"column":80}},"24":{"start":{"line":132,"column":15},"end":{"line":210,"column":2}}},"fnMap":{"0":{"name":"ForumDetail","decl":{"start":{"line":24,"column":24},"end":{"line":24,"column":35}},"loc":{"start":{"line":24,"column":52},"end":{"line":130,"column":1}},"line":24},"1":{"name":"(anonymous_1)","decl":{"start":{"line":32,"column":26},"end":{"line":32,"column":27}},"loc":{"start":{"line":32,"column":49},"end":{"line":42,"column":3}},"line":32},"2":{"name":"(anonymous_2)","decl":{"start":{"line":44,"column":12},"end":{"line":44,"column":13}},"loc":{"start":{"line":44,"column":18},"end":{"line":60,"column":3}},"line":44},"3":{"name":"(anonymous_3)","decl":{"start":{"line":45,"column":22},"end":{"line":45,"column":23}},"loc":{"start":{"line":45,"column":34},"end":{"line":57,"column":5}},"line":45},"4":{"name":"(anonymous_4)","decl":{"start":{"line":69,"column":29},"end":{"line":69,"column":30}},"loc":{"start":{"line":70,"column":10},"end":{"line":76,"column":12}},"line":70},"5":{"name":"(anonymous_5)","decl":{"start":{"line":111,"column":27},"end":{"line":111,"column":28}},"loc":{"start":{"line":111,"column":40},"end":{"line":120,"column":9}},"line":111},"6":{"name":"(anonymous_6)","decl":{"start":{"line":128,"column":55},"end":{"line":128,"column":56}},"loc":{"start":{"line":128,"column":61},"end":{"line":128,"column":80}},"line":128}},"branchMap":{"0":{"loc":{"start":{"line":28,"column":25},"end":{"line":28,"column":60}},"type":"binary-expr","locations":[{"start":{"line":28,"column":25},"end":{"line":28,"column":37}},{"start":{"line":28,"column":41},"end":{"line":28,"column":60}}],"line":28},"1":{"loc":{"start":{"line":49,"column":8},"end":{"line":53,"column":9}},"type":"if","locations":[{"start":{"line":49,"column":8},"end":{"line":53,"column":9}},{"start":{},"end":{}}],"line":49},"2":{"loc":{"start":{"line":62,"column":9},"end":{"line":129,"column":11}},"type":"cond-expr","locations":[{"start":{"line":63,"column":4},"end":{"line":122,"column":17}},{"start":{"line":124,"column":4},"end":{"line":129,"column":11}}],"line":62},"3":{"loc":{"start":{"line":85,"column":9},"end":{"line":89,"column":16}},"type":"cond-expr","locations":[{"start":{"line":86,"column":10},"end":{"line":86,"column":107}},{"start":{"line":87,"column":12},"end":{"line":89,"column":16}}],"line":85},"4":{"loc":{"start":{"line":85,"column":9},"end":{"line":85,"column":57}},"type":"binary-expr","locations":[{"start":{"line":85,"column":9},"end":{"line":85,"column":19}},{"start":{"line":85,"column":23},"end":{"line":85,"column":57}}],"line":85},"5":{"loc":{"start":{"line":87,"column":12},"end":{"line":89,"column":16}},"type":"cond-expr","locations":[{"start":{"line":88,"column":10},"end":{"line":88,"column":112}},{"start":{"line":89,"column":12},"end":{"line":89,"column":16}}],"line":87},"6":{"loc":{"start":{"line":87,"column":12},"end":{"line":87,"column":59}},"type":"binary-expr","locations":[{"start":{"line":87,"column":12},"end":{"line":87,"column":22}},{"start":{"line":87,"column":26},"end":{"line":87,"column":59}}],"line":87},"7":{"loc":{"start":{"line":93,"column":7},"end":{"line":98,"column":14}},"type":"cond-expr","locations":[{"start":{"line":94,"column":8},"end":{"line":97,"column":15}},{"start":{"line":98,"column":10},"end":{"line":98,"column":14}}],"line":93}},"s":{"0":4,"1":4,"2":4,"3":4,"4":4,"5":1,"6":1,"7":1,"8":0,"9":0,"10":4,"11":2,"12":2,"13":2,"14":2,"15":1,"16":1,"17":1,"18":0,"19":2,"20":4,"21":4,"22":4,"23":0,"24":1},"f":{"0":4,"1":1,"2":2,"3":2,"4":4,"5":4,"6":0},"b":{"0":[4,0],"1":[1,1],"2":[2,2],"3":[0,2],"4":[2,2],"5":[2,0],"6":[2,2],"7":[2,0]},"_coverageSchema":"1a1c01bbd47fc00a2c39e90264f33305004495a9","hash":"ecc90346cdaada31a502496a7b535c5df99cef69"}
,"C:\\Users\\destr\\Desktop\\AAD-dev\\Hybrid-Development\\03\\assignment-2\\fly-with-confidence\\src\\views\\Posts\\ForumOverview.tsx": {"path":"C:\\Users\\destr\\Desktop\\AAD-dev\\Hybrid-Development\\03\\assignment-2\\fly-with-confidence\\src\\views\\Posts\\ForumOverview.tsx","statementMap":{"0":{"start":{"line":26,"column":16},"end":{"line":26,"column":87}},"1":{"start":{"line":26,"column":69},"end":{"line":26,"column":86}},"2":{"start":{"line":28,"column":28},"end":{"line":28,"column":54}},"3":{"start":{"line":29,"column":64},"end":{"line":29,"column":85}},"4":{"start":{"line":31,"column":21},"end":{"line":40,"column":3}},"5":{"start":{"line":32,"column":4},"end":{"line":39,"column":5}},"6":{"start":{"line":33,"column":37},"end":{"line":33,"column":68}},"7":{"start":{"line":35,"column":6},"end":{"line":35,"column":87}},"8":{"start":{"line":35,"column":30},"end":{"line":35,"column":85}},"9":{"start":{"line":36,"column":6},"end":{"line":36,"column":25}},"10":{"start":{"line":38,"column":6},"end":{"line":38,"column":52}},"11":{"start":{"line":42,"column":2},"end":{"line":44,"column":9}},"12":{"start":{"line":43,"column":4},"end":{"line":43,"column":17}},"13":{"start":{"line":46,"column":30},"end":{"line":48,"column":3}},"14":{"start":{"line":47,"column":4},"end":{"line":47,"column":36}},"15":{"start":{"line":50,"column":31},"end":{"line":52,"column":3}},"16":{"start":{"line":51,"column":4},"end":{"line":51,"column":37}},"17":{"start":{"line":54,"column":2},"end":{"line":101,"column":4}},"18":{"start":{"line":73,"column":12},"end":{"line":83,"column":14}},"19":{"start":{"line":82,"column":29},"end":{"line":82,"column":88}},"20":{"start":{"line":90,"column":63},"end":{"line":90,"column":82}},"21":{"start":{"line":98,"column":28},"end":{"line":98,"column":40}},"22":{"start":{"line":104,"column":15},"end":{"line":126,"column":2}}},"fnMap":{"0":{"name":"ForumOverview","decl":{"start":{"line":25,"column":24},"end":{"line":25,"column":37}},"loc":{"start":{"line":25,"column":54},"end":{"line":102,"column":1}},"line":25},"1":{"name":"(anonymous_1)","decl":{"start":{"line":26,"column":28},"end":{"line":26,"column":29}},"loc":{"start":{"line":26,"column":69},"end":{"line":26,"column":86}},"line":26},"2":{"name":"(anonymous_2)","decl":{"start":{"line":31,"column":21},"end":{"line":31,"column":22}},"loc":{"start":{"line":31,"column":33},"end":{"line":40,"column":3}},"line":31},"3":{"name":"(anonymous_3)","decl":{"start":{"line":35,"column":20},"end":{"line":35,"column":21}},"loc":{"start":{"line":35,"column":30},"end":{"line":35,"column":85}},"line":35},"4":{"name":"(anonymous_4)","decl":{"start":{"line":42,"column":12},"end":{"line":42,"column":13}},"loc":{"start":{"line":42,"column":18},"end":{"line":44,"column":3}},"line":42},"5":{"name":"(anonymous_5)","decl":{"start":{"line":46,"column":30},"end":{"line":46,"column":31}},"loc":{"start":{"line":46,"column":36},"end":{"line":48,"column":3}},"line":46},"6":{"name":"(anonymous_6)","decl":{"start":{"line":50,"column":31},"end":{"line":50,"column":32}},"loc":{"start":{"line":50,"column":37},"end":{"line":52,"column":3}},"line":50},"7":{"name":"(anonymous_7)","decl":{"start":{"line":72,"column":20},"end":{"line":72,"column":21}},"loc":{"start":{"line":73,"column":12},"end":{"line":83,"column":14}},"line":73},"8":{"name":"(anonymous_8)","decl":{"start":{"line":82,"column":23},"end":{"line":82,"column":24}},"loc":{"start":{"line":82,"column":29},"end":{"line":82,"column":88}},"line":82},"9":{"name":"(anonymous_9)","decl":{"start":{"line":90,"column":57},"end":{"line":90,"column":58}},"loc":{"start":{"line":90,"column":63},"end":{"line":90,"column":82}},"line":90},"10":{"name":"(anonymous_10)","decl":{"start":{"line":98,"column":22},"end":{"line":98,"column":23}},"loc":{"start":{"line":98,"column":28},"end":{"line":98,"column":40}},"line":98}},"branchMap":{"0":{"loc":{"start":{"line":64,"column":7},"end":{"line":68,"column":14}},"type":"cond-expr","locations":[{"start":{"line":65,"column":8},"end":{"line":67,"column":15}},{"start":{"line":68,"column":10},"end":{"line":68,"column":14}}],"line":64},"1":{"loc":{"start":{"line":71,"column":9},"end":{"line":92,"column":9}},"type":"cond-expr","locations":[{"start":{"line":72,"column":10},"end":{"line":84,"column":12}},{"start":{"line":86,"column":10},"end":{"line":91,"column":17}}],"line":71},"2":{"loc":{"start":{"line":80,"column":21},"end":{"line":80,"column":49}},"type":"cond-expr","locations":[{"start":{"line":80,"column":34},"end":{"line":80,"column":44}},{"start":{"line":80,"column":47},"end":{"line":80,"column":49}}],"line":80}},"s":{"0":4,"1":6,"2":4,"3":4,"4":4,"5":2,"6":2,"7":2,"8":1,"9":2,"10":0,"11":4,"12":2,"13":4,"14":0,"15":4,"16":0,"17":4,"18":2,"19":0,"20":0,"21":0,"22":1},"f":{"0":4,"1":6,"2":2,"3":1,"4":2,"5":0,"6":0,"7":2,"8":0,"9":0,"10":0},"b":{"0":[0,4],"1":[1,3],"2":[2,0]},"_coverageSchema":"1a1c01bbd47fc00a2c39e90264f33305004495a9","hash":"83d355bde1933f36119574f4a2f414e0f03b5084"}
}
