TN:
SF:src\components\ArticleOverviewItem.tsx
FN:22,(anonymous_0)
FN:25,(anonymous_1)
FN:29,(anonymous_2)
FNF:3
FNH:1
FNDA:4,(anonymous_0)
FNDA:0,(anonymous_1)
FNDA:0,(anonymous_2)
DA:22,8
DA:23,4
DA:25,4
DA:26,0
DA:29,4
DA:30,0
DA:33,4
DA:54,8
LF:8
LH:6
BRDA:38,0,0,4
BRDA:38,0,1,0
BRDA:43,1,0,4
BRDA:43,1,1,0
BRF:4
BRH:2
end_of_record
TN:
SF:src\components\ForumOverviewItem.tsx
FN:33,(anonymous_0)
FN:45,(anonymous_1)
FN:49,(anonymous_2)
FN:65,(anonymous_3)
FNF:4
FNH:2
FNDA:3,(anonymous_0)
FNDA:0,(anonymous_1)
FNDA:0,(anonymous_2)
FNDA:4,(anonymous_3)
DA:33,8
DA:43,3
DA:45,3
DA:46,0
DA:49,3
DA:50,0
DA:53,3
DA:66,4
DA:114,8
LF:9
LH:7
BRDA:58,0,0,3
BRDA:58,0,1,0
BRDA:62,1,0,3
BRDA:62,1,1,0
BRDA:78,2,0,0
BRDA:78,2,1,3
BRDA:78,3,0,3
BRDA:78,3,1,3
BRDA:80,4,0,3
BRDA:80,4,1,0
BRDA:80,5,0,3
BRDA:80,5,1,3
BRF:12
BRH:8
end_of_record
TN:
SF:src\components\SelectionItem.tsx
FN:35,(anonymous_0)
FN:38,(anonymous_1)
FN:42,(anonymous_2)
FNF:3
FNH:1
FNDA:27,(anonymous_0)
FNDA:0,(anonymous_1)
FNDA:0,(anonymous_2)
DA:26,8
DA:35,8
DA:36,27
DA:38,27
DA:39,0
DA:42,27
DA:43,0
DA:46,27
DA:68,8
LF:9
LH:7
BRDA:51,0,0,27
BRDA:51,0,1,0
BRDA:54,1,0,27
BRDA:54,1,1,0
BRDA:55,2,0,27
BRDA:55,2,1,7
BRDA:63,3,0,27
BRDA:63,3,1,0
BRDA:63,3,2,27
BRF:9
BRH:6
end_of_record
TN:
SF:src\components\buttons\Button.tsx
FN:14,(anonymous_0)
FNF:1
FNH:1
FNDA:43,(anonymous_0)
DA:14,12
DA:15,43
DA:16,43
DA:18,43
LF:4
LH:4
BRDA:15,0,0,8
BRDA:15,0,1,35
BRDA:16,1,0,1
BRDA:16,1,1,42
BRF:4
BRH:4
end_of_record
TN:
SF:src\components\buttons\TextButton.tsx
FN:18,(anonymous_0)
FNF:1
FNH:1
FNDA:18,(anonymous_0)
DA:18,12
DA:19,18
DA:31,12
LF:3
LH:3
BRF:0
BRH:0
end_of_record
TN:
SF:src\components\error\InputError.tsx
FN:12,(anonymous_0)
FNF:1
FNH:1
FNDA:12,(anonymous_0)
DA:12,12
DA:13,12
DA:15,12
LF:3
LH:3
BRDA:12,0,0,1
BRF:1
BRH:1
end_of_record
TN:
SF:src\components\labels\CategoryLabel.tsx
FN:18,(anonymous_0)
FNF:1
FNH:1
FNDA:11,(anonymous_0)
DA:18,9
DA:19,11
DA:20,11
DA:22,11
DA:31,9
LF:5
LH:5
BRDA:19,0,0,10
BRDA:19,0,1,1
BRDA:20,1,0,10
BRDA:20,1,1,1
BRF:4
BRH:4
end_of_record
TN:
SF:src\components\layout\AppHeader.tsx
FN:19,(anonymous_0)
FN:22,(anonymous_1)
FN:26,(anonymous_2)
FNF:3
FNH:2
FNDA:1,(anonymous_0)
FNDA:0,(anonymous_1)
FNDA:1,(anonymous_2)
DA:15,8
DA:19,8
DA:20,1
DA:22,1
DA:23,0
DA:26,1
DA:27,1
DA:28,1
DA:32,1
DA:46,8
LF:10
LH:9
BRDA:27,0,0,1
BRDA:27,0,1,0
BRF:2
BRH:1
end_of_record
TN:
SF:src\components\layout\Comment.tsx
FN:13,(anonymous_0)
FNF:1
FNH:1
FNDA:5,(anonymous_0)
DA:13,8
DA:14,5
DA:25,8
LF:3
LH:3
BRF:0
BRH:0
end_of_record
TN:
SF:src\components\layout\SidePanelItem.tsx
FN:45,(anonymous_0)
FN:48,(anonymous_1)
FN:52,(anonymous_2)
FNF:3
FNH:1
FNDA:16,(anonymous_0)
FNDA:0,(anonymous_1)
FNDA:0,(anonymous_2)
DA:34,9
DA:45,9
DA:46,16
DA:48,16
DA:49,0
DA:52,16
DA:53,0
DA:56,16
DA:100,9
LF:9
LH:7
BRDA:61,0,0,16
BRDA:61,0,1,0
BRDA:61,1,0,16
BRDA:61,1,1,2
BRDA:66,2,0,16
BRDA:66,2,1,0
BRDA:67,3,0,16
BRDA:67,3,1,2
BRDA:69,4,0,16
BRDA:69,4,1,16
BRDA:74,5,0,16
BRDA:74,5,1,2
BRDA:81,6,0,16
BRDA:81,6,1,2
BRDA:89,7,0,16
BRDA:89,7,1,14
BRDA:93,8,0,14
BRDA:93,8,1,0
BRDA:93,8,2,14
BRF:19
BRH:16
end_of_record
TN:
SF:src\components\layout\SidePanelItems.tsx
FN:24,(anonymous_0)
FN:26,(anonymous_1)
FN:30,(anonymous_2)
FN:34,(anonymous_3)
FN:38,(anonymous_4)
FN:42,(anonymous_5)
FN:60,(anonymous_6)
FN:66,(anonymous_7)
FN:72,(anonymous_8)
FN:78,(anonymous_9)
FN:84,(anonymous_10)
FN:90,(anonymous_11)
FN:99,(anonymous_12)
FN:106,(anonymous_13)
FN:113,(anonymous_14)
FN:120,(anonymous_15)
FNF:16
FNH:3
FNDA:2,(anonymous_0)
FNDA:4,(anonymous_1)
FNDA:0,(anonymous_2)
FNDA:0,(anonymous_3)
FNDA:0,(anonymous_4)
FNDA:0,(anonymous_5)
FNDA:0,(anonymous_6)
FNDA:1,(anonymous_7)
FNDA:0,(anonymous_8)
FNDA:0,(anonymous_9)
FNDA:0,(anonymous_10)
FNDA:0,(anonymous_11)
FNDA:0,(anonymous_12)
FNDA:0,(anonymous_13)
FNDA:0,(anonymous_14)
FNDA:0,(anonymous_15)
DA:20,8
DA:24,8
DA:25,2
DA:26,4
DA:28,2
DA:30,2
DA:31,0
DA:34,2
DA:35,0
DA:38,2
DA:39,0
DA:42,2
DA:43,0
DA:46,2
DA:60,0
DA:66,1
DA:72,0
DA:78,0
DA:84,0
DA:90,0
DA:99,0
DA:106,0
DA:113,0
DA:120,0
DA:126,8
LF:25
LH:12
BRDA:67,0,0,2
BRDA:67,0,1,0
BRDA:73,1,0,2
BRDA:73,1,1,0
BRDA:79,2,0,2
BRDA:79,2,1,0
BRDA:94,3,0,0
BRDA:94,3,1,2
BRF:8
BRH:4
end_of_record
TN:
SF:src\components\modals\CreatePostModal.tsx
FN:42,(anonymous_0)
FN:43,(anonymous_1)
FN:82,(anonymous_2)
FN:123,(anonymous_3)
FN:134,(anonymous_4)
FN:150,(anonymous_5)
FN:151,(anonymous_6)
FN:166,(anonymous_7)
FN:251,(anonymous_8)
FN:254,(anonymous_9)
FN:284,(anonymous_10)
FN:287,(anonymous_11)
FNF:12
FNH:3
FNDA:9,(anonymous_0)
FNDA:13,(anonymous_1)
FNDA:2,(anonymous_2)
FNDA:0,(anonymous_3)
FNDA:0,(anonymous_4)
FNDA:0,(anonymous_5)
FNDA:0,(anonymous_6)
FNDA:0,(anonymous_7)
FNDA:0,(anonymous_8)
FNDA:0,(anonymous_9)
FNDA:0,(anonymous_10)
FNDA:0,(anonymous_11)
DA:42,2
DA:43,13
DA:46,9
DA:48,9
DA:49,9
DA:50,9
DA:52,9
DA:53,9
DA:55,9
DA:56,9
DA:58,9
DA:59,9
DA:60,9
DA:61,9
DA:74,9
DA:75,9
DA:77,9
DA:80,9
DA:82,9
DA:83,2
DA:84,2
DA:85,2
DA:87,2
DA:89,2
DA:90,1
DA:91,1
DA:94,2
DA:95,1
DA:96,1
DA:99,2
DA:100,2
DA:101,2
DA:104,2
DA:105,0
DA:113,0
DA:115,0
DA:116,0
DA:117,0
DA:118,0
DA:123,9
DA:124,0
DA:125,0
DA:126,0
DA:127,0
DA:128,0
DA:129,0
DA:130,0
DA:131,0
DA:134,9
DA:135,0
DA:136,0
DA:138,0
DA:139,0
DA:141,0
DA:142,0
DA:143,0
DA:145,0
DA:146,0
DA:147,0
DA:150,0
DA:151,0
DA:156,0
DA:157,0
DA:162,0
DA:166,9
DA:167,0
DA:168,0
DA:170,0
DA:171,0
DA:174,0
DA:178,9
DA:252,0
DA:255,0
DA:285,0
DA:288,0
DA:303,2
LF:76
LH:38
BRDA:46,0,0,0
BRDA:46,0,1,9
BRDA:89,1,0,1
BRDA:89,1,1,1
BRDA:94,2,0,1
BRDA:94,2,1,1
BRDA:99,3,0,2
BRDA:99,3,1,0
BRDA:104,4,0,0
BRDA:104,4,1,2
BRDA:115,5,0,0
BRDA:115,5,1,0
BRDA:138,6,0,0
BRDA:138,6,1,0
BRDA:141,7,0,0
BRDA:141,7,1,0
BRDA:145,8,0,0
BRDA:145,8,1,0
BRDA:170,9,0,0
BRDA:170,9,1,0
BRDA:202,10,0,1
BRDA:202,10,1,8
BRDA:216,11,0,1
BRDA:216,11,1,8
BRDA:243,12,0,0
BRDA:243,12,1,9
BRDA:259,13,0,2
BRDA:259,13,1,7
BRDA:276,14,0,0
BRDA:276,14,1,9
BRF:30
BRH:15
end_of_record
TN:
SF:src\components\modals\LoginModal.tsx
FN:29,(anonymous_0)
FN:38,(anonymous_1)
FN:60,(anonymous_2)
FN:81,(anonymous_3)
FNF:4
FNH:4
FNDA:14,(anonymous_0)
FNDA:1,(anonymous_1)
FNDA:2,(anonymous_2)
FNDA:1,(anonymous_3)
DA:29,9
DA:30,14
DA:31,14
DA:32,14
DA:33,14
DA:34,14
DA:36,14
DA:38,14
DA:39,1
DA:40,1
DA:41,1
DA:43,0
DA:44,0
DA:45,0
DA:46,0
DA:47,0
DA:48,0
DA:49,0
DA:54,0
DA:55,0
DA:60,14
DA:61,2
DA:62,2
DA:64,2
DA:66,2
DA:67,1
DA:68,1
DA:71,2
DA:72,1
DA:73,1
DA:76,2
DA:77,1
DA:81,14
DA:82,1
DA:83,1
DA:84,1
DA:85,1
DA:86,1
DA:87,1
DA:90,14
DA:142,9
LF:41
LH:32
BRDA:43,0,0,0
BRDA:43,0,1,0
BRDA:54,1,0,0
BRDA:54,1,1,0
BRDA:54,2,0,0
BRDA:54,2,1,0
BRDA:66,3,0,1
BRDA:66,3,1,1
BRDA:71,4,0,1
BRDA:71,4,1,1
BRDA:76,5,0,1
BRDA:76,5,1,1
BRDA:114,6,0,1
BRDA:114,6,1,13
BRDA:127,7,0,1
BRDA:127,7,1,13
BRDA:129,8,0,0
BRDA:129,8,1,14
BRF:18
BRH:11
end_of_record
TN:
SF:src\components\modals\RegisterModal.tsx
FN:27,(anonymous_0)
FN:38,(anonymous_1)
FN:44,(anonymous_2)
FN:62,(anonymous_3)
FN:106,(anonymous_4)
FNF:5
FNH:5
FNDA:13,(anonymous_0)
FNDA:2,(anonymous_1)
FNDA:1,(anonymous_2)
FNDA:2,(anonymous_3)
FNDA:1,(anonymous_4)
DA:27,8
DA:28,13
DA:29,13
DA:30,13
DA:31,13
DA:33,13
DA:34,13
DA:35,13
DA:36,13
DA:38,13
DA:39,2
DA:41,2
DA:44,13
DA:45,1
DA:51,1
DA:53,0
DA:54,0
DA:55,0
DA:56,0
DA:58,0
DA:62,13
DA:63,2
DA:64,2
DA:65,2
DA:66,2
DA:68,2
DA:70,2
DA:71,1
DA:72,1
DA:75,2
DA:76,0
DA:77,0
DA:78,2
DA:79,1
DA:80,1
DA:83,2
DA:84,0
DA:85,0
DA:86,2
DA:87,1
DA:88,1
DA:91,2
DA:92,0
DA:93,0
DA:96,2
DA:97,1
DA:98,1
DA:101,2
DA:102,1
DA:106,13
DA:107,1
DA:108,1
DA:109,1
DA:110,1
DA:111,1
DA:112,1
DA:113,1
DA:114,1
DA:115,1
DA:118,13
DA:193,8
LF:61
LH:50
BRDA:53,0,0,0
BRDA:53,0,1,0
BRDA:70,1,0,1
BRDA:70,1,1,1
BRDA:75,2,0,0
BRDA:75,2,1,2
BRDA:78,3,0,1
BRDA:78,3,1,1
BRDA:83,4,0,0
BRDA:83,4,1,2
BRDA:86,5,0,1
BRDA:86,5,1,1
BRDA:91,6,0,0
BRDA:91,6,1,2
BRDA:96,7,0,1
BRDA:96,7,1,1
BRDA:101,8,0,1
BRDA:101,8,1,1
BRDA:142,9,0,1
BRDA:142,9,1,12
BRDA:154,10,0,1
BRDA:154,10,1,12
BRDA:167,11,0,1
BRDA:167,11,1,12
BRDA:180,12,0,1
BRDA:180,12,1,12
BRF:26
BRH:21
end_of_record
TN:
SF:src\components\typography\FormLabel.tsx
FN:12,(anonymous_0)
FNF:1
FNH:1
FNDA:62,(anonymous_0)
DA:12,12
DA:13,62
DA:15,62
LF:3
LH:3
BRDA:12,0,0,61
BRF:1
BRH:1
end_of_record
TN:
SF:src\components\typography\TextSubTitle.tsx
FN:12,(anonymous_0)
FNF:1
FNH:1
FNDA:40,(anonymous_0)
DA:12,12
DA:13,40
DA:15,40
LF:3
LH:3
BRDA:13,0,0,21
BRDA:13,0,1,19
BRF:2
BRH:2
end_of_record
TN:
SF:src\components\typography\TextTitle.tsx
FN:12,(anonymous_0)
FNF:1
FNH:1
FNDA:35,(anonymous_0)
DA:12,12
DA:13,35
DA:15,35
LF:3
LH:3
BRDA:12,0,0,34
BRF:1
BRH:1
end_of_record
TN:
SF:src\views\Home.tsx
FN:19,Home
FN:23,(anonymous_1)
FN:27,(anonymous_2)
FN:31,(anonymous_3)
FN:35,(anonymous_4)
FN:56,(anonymous_5)
FN:70,(anonymous_6)
FN:76,(anonymous_7)
FNF:8
FNH:6
FNDA:7,Home
FNDA:1,(anonymous_1)
FNDA:1,(anonymous_2)
FNDA:1,(anonymous_3)
FNDA:1,(anonymous_4)
FNDA:1,(anonymous_5)
FNDA:0,(anonymous_6)
FNDA:0,(anonymous_7)
DA:20,7
DA:21,7
DA:23,7
DA:24,1
DA:27,7
DA:28,1
DA:31,7
DA:32,1
DA:35,7
DA:36,1
DA:39,7
DA:56,1
DA:70,0
DA:76,0
DA:85,1
DA:86,1
DA:88,1
LF:17
LH:15
BRF:0
BRH:0
end_of_record
TN:
SF:src\views\SelectionScreen.tsx
FN:8,SelectionScreen
FN:14,(anonymous_1)
FN:20,(anonymous_2)
FN:26,(anonymous_3)
FN:32,(anonymous_4)
FN:38,(anonymous_5)
FN:44,(anonymous_6)
FN:56,(anonymous_7)
FN:57,(anonymous_8)
FNF:9
FNH:3
FNDA:1,SelectionScreen
FNDA:0,(anonymous_1)
FNDA:0,(anonymous_2)
FNDA:0,(anonymous_3)
FNDA:0,(anonymous_4)
FNDA:0,(anonymous_5)
FNDA:0,(anonymous_6)
FNDA:6,(anonymous_7)
FNDA:7,(anonymous_8)
DA:9,1
DA:14,0
DA:20,0
DA:26,0
DA:32,0
DA:38,0
DA:44,0
DA:48,1
DA:56,6
DA:57,7
LF:10
LH:4
BRF:0
BRH:0
end_of_record
TN:
SF:src\views\Articles\ArticleDetail.tsx
FN:23,ArticleDetail
FN:30,(anonymous_1)
FN:31,(anonymous_2)
FN:78,(anonymous_3)
FNF:4
FNH:3
FNDA:4,ArticleDetail
FNDA:2,(anonymous_1)
FNDA:2,(anonymous_2)
FNDA:0,(anonymous_3)
DA:24,4
DA:27,4
DA:28,4
DA:30,4
DA:31,2
DA:32,2
DA:33,2
DA:34,2
DA:36,0
DA:40,2
DA:43,4
DA:78,0
DA:82,1
LF:13
LH:11
BRDA:27,0,0,4
BRDA:27,0,1,0
BRDA:43,1,0,1
BRDA:43,1,1,3
BRDA:56,2,0,1
BRDA:56,2,1,0
BRDA:64,3,0,1
BRDA:64,3,1,0
BRF:8
BRH:5
end_of_record
TN:
SF:src\views\Articles\ArticleOverview.tsx
FN:25,ArticleOverview
FN:33,(anonymous_1)
FN:34,(anonymous_2)
FN:64,(anonymous_3)
FN:68,(anonymous_4)
FN:71,(anonymous_5)
FN:82,(anonymous_6)
FNF:7
FNH:5
FNDA:4,ArticleOverview
FNDA:2,(anonymous_1)
FNDA:2,(anonymous_2)
FNDA:2,(anonymous_3)
FNDA:0,(anonymous_4)
FNDA:3,(anonymous_5)
FNDA:0,(anonymous_6)
DA:26,4
DA:30,4
DA:31,4
DA:33,4
DA:34,2
DA:35,2
DA:36,2
DA:37,2
DA:39,0
DA:43,2
DA:46,4
DA:65,2
DA:68,0
DA:71,3
DA:82,0
DA:90,1
LF:16
LH:13
BRDA:30,0,0,4
BRDA:30,0,1,0
BRDA:61,1,0,1
BRDA:61,1,1,3
BRF:4
BRH:3
end_of_record
TN:
SF:src\views\Articles\CategoryOverview.tsx
FN:8,CategoryOverview
FN:13,(anonymous_1)
FN:18,(anonymous_2)
FN:23,(anonymous_3)
FN:28,(anonymous_4)
FN:33,(anonymous_5)
FN:45,(anonymous_6)
FN:46,(anonymous_7)
FN:54,(anonymous_8)
FN:55,(anonymous_9)
FNF:10
FNH:6
FNDA:2,CategoryOverview
FNDA:1,(anonymous_1)
FNDA:0,(anonymous_2)
FNDA:0,(anonymous_3)
FNDA:0,(anonymous_4)
FNDA:0,(anonymous_5)
FNDA:10,(anonymous_6)
FNDA:12,(anonymous_7)
FNDA:10,(anonymous_8)
FNDA:12,(anonymous_9)
DA:9,2
DA:13,1
DA:18,0
DA:23,0
DA:28,0
DA:33,0
DA:37,2
DA:45,10
DA:46,12
DA:54,10
DA:55,12
LF:11
LH:7
BRF:0
BRH:0
end_of_record
TN:
SF:src\views\Posts\ForumDetail.tsx
FN:24,ForumDetail
FN:32,(anonymous_1)
FN:44,(anonymous_2)
FN:45,(anonymous_3)
FN:69,(anonymous_4)
FN:111,(anonymous_5)
FN:128,(anonymous_6)
FNF:7
FNH:6
FNDA:4,ForumDetail
FNDA:1,(anonymous_1)
FNDA:2,(anonymous_2)
FNDA:2,(anonymous_3)
FNDA:4,(anonymous_4)
FNDA:4,(anonymous_5)
FNDA:0,(anonymous_6)
DA:25,4
DA:28,4
DA:29,4
DA:30,4
DA:32,4
DA:33,1
DA:34,1
DA:36,1
DA:38,0
DA:40,0
DA:44,4
DA:45,2
DA:46,2
DA:47,2
DA:49,2
DA:50,1
DA:51,1
DA:52,1
DA:55,0
DA:59,2
DA:62,4
DA:70,4
DA:112,4
DA:128,0
DA:132,1
LF:25
LH:21
BRDA:28,0,0,4
BRDA:28,0,1,0
BRDA:49,1,0,1
BRDA:49,1,1,1
BRDA:62,2,0,2
BRDA:62,2,1,2
BRDA:85,3,0,0
BRDA:85,3,1,2
BRDA:85,4,0,2
BRDA:85,4,1,2
BRDA:87,5,0,2
BRDA:87,5,1,0
BRDA:87,6,0,2
BRDA:87,6,1,2
BRDA:93,7,0,2
BRDA:93,7,1,0
BRF:16
BRH:12
end_of_record
TN:
SF:src\views\Posts\ForumOverview.tsx
FN:25,ForumOverview
FN:26,(anonymous_1)
FN:31,(anonymous_2)
FN:35,(anonymous_3)
FN:42,(anonymous_4)
FN:46,(anonymous_5)
FN:50,(anonymous_6)
FN:72,(anonymous_7)
FN:82,(anonymous_8)
FN:90,(anonymous_9)
FN:98,(anonymous_10)
FNF:11
FNH:6
FNDA:4,ForumOverview
FNDA:6,(anonymous_1)
FNDA:2,(anonymous_2)
FNDA:1,(anonymous_3)
FNDA:2,(anonymous_4)
FNDA:0,(anonymous_5)
FNDA:0,(anonymous_6)
FNDA:2,(anonymous_7)
FNDA:0,(anonymous_8)
FNDA:0,(anonymous_9)
FNDA:0,(anonymous_10)
DA:26,6
DA:28,4
DA:29,4
DA:31,4
DA:32,2
DA:33,2
DA:35,2
DA:36,2
DA:38,0
DA:42,4
DA:43,2
DA:46,4
DA:47,0
DA:50,4
DA:51,0
DA:54,4
DA:73,2
DA:82,0
DA:90,0
DA:98,0
DA:104,1
LF:21
LH:15
BRDA:64,0,0,0
BRDA:64,0,1,4
BRDA:71,1,0,1
BRDA:71,1,1,3
BRDA:80,2,0,2
BRDA:80,2,1,0
BRF:6
BRH:4
end_of_record
